<?xml version="1.0" encoding="UTF-8"?>
<testsuite name="com.intercorp.entrevista.EntrevistaApplicationTests" tests="1" skipped="0" failures="0" errors="0" timestamp="2020-02-22T21:19:23" hostname="HYAATORRESLX" time="0.153">
  <properties/>
  <testcase name="contextLoads()" classname="com.intercorp.entrevista.EntrevistaApplicationTests" time="0.153"/>
  <system-out><![CDATA[18:19:19.748 [Test worker] DEBUG org.springframework.test.context.BootstrapUtils - Instantiating CacheAwareContextLoaderDelegate from class [org.springframework.test.context.cache.DefaultCacheAwareContextLoaderDelegate]
18:19:19.758 [Test worker] DEBUG org.springframework.test.context.BootstrapUtils - Instantiating BootstrapContext using constructor [public org.springframework.test.context.support.DefaultBootstrapContext(java.lang.Class,org.springframework.test.context.CacheAwareContextLoaderDelegate)]
18:19:19.784 [Test worker] DEBUG org.springframework.test.context.BootstrapUtils - Instantiating TestContextBootstrapper for test class [com.intercorp.entrevista.EntrevistaApplicationTests] from class [org.springframework.boot.test.context.SpringBootTestContextBootstrapper]
18:19:19.797 [Test worker] INFO org.springframework.boot.test.context.SpringBootTestContextBootstrapper - Neither @ContextConfiguration nor @ContextHierarchy found for test class [com.intercorp.entrevista.EntrevistaApplicationTests], using SpringBootContextLoader
18:19:19.800 [Test worker] DEBUG org.springframework.test.context.support.AbstractContextLoader - Did not detect default resource location for test class [com.intercorp.entrevista.EntrevistaApplicationTests]: class path resource [com/intercorp/entrevista/EntrevistaApplicationTests-context.xml] does not exist
18:19:19.800 [Test worker] DEBUG org.springframework.test.context.support.AbstractContextLoader - Did not detect default resource location for test class [com.intercorp.entrevista.EntrevistaApplicationTests]: class path resource [com/intercorp/entrevista/EntrevistaApplicationTestsContext.groovy] does not exist
18:19:19.801 [Test worker] INFO org.springframework.test.context.support.AbstractContextLoader - Could not detect default resource locations for test class [com.intercorp.entrevista.EntrevistaApplicationTests]: no resource found for suffixes {-context.xml, Context.groovy}.
18:19:19.801 [Test worker] INFO org.springframework.test.context.support.AnnotationConfigContextLoaderUtils - Could not detect default configuration classes for test class [com.intercorp.entrevista.EntrevistaApplicationTests]: EntrevistaApplicationTests does not declare any static, non-private, non-final, nested classes annotated with @Configuration.
18:19:19.832 [Test worker] DEBUG org.springframework.test.context.support.ActiveProfilesUtils - Could not find an 'annotation declaring class' for annotation type [org.springframework.test.context.ActiveProfiles] and class [com.intercorp.entrevista.EntrevistaApplicationTests]
18:19:19.886 [Test worker] DEBUG org.springframework.context.annotation.ClassPathScanningCandidateComponentProvider - Identified candidate component class: file [/home/atorres/Documents/InterCorp/entrevista/build/classes/java/main/com/intercorp/entrevista/EntrevistaApplication.class]
18:19:19.888 [Test worker] INFO org.springframework.boot.test.context.SpringBootTestContextBootstrapper - Found @SpringBootConfiguration com.intercorp.entrevista.EntrevistaApplication for test class com.intercorp.entrevista.EntrevistaApplicationTests
18:19:19.974 [Test worker] DEBUG org.springframework.boot.test.context.SpringBootTestContextBootstrapper - @TestExecutionListeners is not present for class [com.intercorp.entrevista.EntrevistaApplicationTests]: using defaults.
18:19:19.975 [Test worker] INFO org.springframework.boot.test.context.SpringBootTestContextBootstrapper - Loaded default TestExecutionListener class names from location [META-INF/spring.factories]: [org.springframework.boot.test.autoconfigure.restdocs.RestDocsTestExecutionListener, org.springframework.boot.test.autoconfigure.web.client.MockRestServiceServerResetTestExecutionListener, org.springframework.boot.test.autoconfigure.web.servlet.MockMvcPrintOnlyOnFailureTestExecutionListener, org.springframework.boot.test.autoconfigure.web.servlet.WebDriverTestExecutionListener, org.springframework.boot.test.mock.mockito.MockitoTestExecutionListener, org.springframework.boot.test.mock.mockito.ResetMocksTestExecutionListener, org.springframework.test.context.web.ServletTestExecutionListener, org.springframework.test.context.support.DirtiesContextBeforeModesTestExecutionListener, org.springframework.test.context.support.DependencyInjectionTestExecutionListener, org.springframework.test.context.support.DirtiesContextTestExecutionListener, org.springframework.test.context.transaction.TransactionalTestExecutionListener, org.springframework.test.context.jdbc.SqlScriptsTestExecutionListener, org.springframework.test.context.event.EventPublishingTestExecutionListener]
18:19:19.983 [Test worker] DEBUG org.springframework.boot.test.context.SpringBootTestContextBootstrapper - Skipping candidate TestExecutionListener [org.springframework.test.context.transaction.TransactionalTestExecutionListener] due to a missing dependency. Specify custom listener classes or make the default listener classes and their required dependencies available. Offending class: [org/springframework/transaction/TransactionDefinition]
18:19:19.983 [Test worker] DEBUG org.springframework.boot.test.context.SpringBootTestContextBootstrapper - Skipping candidate TestExecutionListener [org.springframework.test.context.jdbc.SqlScriptsTestExecutionListener] due to a missing dependency. Specify custom listener classes or make the default listener classes and their required dependencies available. Offending class: [org/springframework/transaction/interceptor/TransactionAttribute]
18:19:19.983 [Test worker] INFO org.springframework.boot.test.context.SpringBootTestContextBootstrapper - Using TestExecutionListeners: [org.springframework.test.context.web.ServletTestExecutionListener@36e34a32, org.springframework.test.context.support.DirtiesContextBeforeModesTestExecutionListener@3acbab15, org.springframework.boot.test.mock.mockito.MockitoTestExecutionListener@ddd74c2, org.springframework.boot.test.autoconfigure.SpringBootDependencyInjectionTestExecutionListener@2dd9903e, org.springframework.test.context.support.DirtiesContextTestExecutionListener@147ed6d, org.springframework.test.context.event.EventPublishingTestExecutionListener@66336d53, org.springframework.boot.test.autoconfigure.restdocs.RestDocsTestExecutionListener@ae7e33, org.springframework.boot.test.autoconfigure.web.client.MockRestServiceServerResetTestExecutionListener@61975678, org.springframework.boot.test.autoconfigure.web.servlet.MockMvcPrintOnlyOnFailureTestExecutionListener@5f05e3a2, org.springframework.boot.test.autoconfigure.web.servlet.WebDriverTestExecutionListener@22a144e4, org.springframework.boot.test.mock.mockito.ResetMocksTestExecutionListener@510de965]
18:19:19.988 [Test worker] DEBUG org.springframework.test.context.support.AbstractDirtiesContextTestExecutionListener - Before test class: context [DefaultTestContext@67976437 testClass = EntrevistaApplicationTests, testInstance = [null], testMethod = [null], testException = [null], mergedContextConfiguration = [WebMergedContextConfiguration@7e28f6a6 testClass = EntrevistaApplicationTests, locations = '{}', classes = '{class com.intercorp.entrevista.EntrevistaApplication}', contextInitializerClasses = '[]', activeProfiles = '{}', propertySourceLocations = '{}', propertySourceProperties = '{org.springframework.boot.test.context.SpringBootTestContextBootstrapper=true}', contextCustomizers = set[org.springframework.boot.test.autoconfigure.properties.PropertyMappingContextCustomizer@0, org.springframework.boot.test.autoconfigure.web.servlet.WebDriverContextCustomizerFactory$Customizer@2a62eee1, org.springframework.boot.test.context.filter.ExcludeFilterContextCustomizer@518c0743, org.springframework.boot.test.json.DuplicateJsonObjectContextCustomizerFactory$DuplicateJsonObjectContextCustomizer@73ccdd38, org.springframework.boot.test.mock.mockito.MockitoContextCustomizer@0, org.springframework.boot.test.web.client.TestRestTemplateContextCustomizer@484e32d5], resourceBasePath = 'src/main/webapp', contextLoader = 'org.springframework.boot.test.context.SpringBootContextLoader', parent = [null]], attributes = map['org.springframework.test.context.web.ServletTestExecutionListener.activateListener' -> true]], class annotated with @DirtiesContext [false] with mode [null].
18:19:20.012 [Test worker] DEBUG org.springframework.test.context.support.TestPropertySourceUtils - Adding inlined properties to environment: {spring.jmx.enabled=false, org.springframework.boot.test.context.SpringBootTestContextBootstrapper=true, server.port=-1}

  .   ____          _            __ _ _
 /\\ / ___'_ __ _ _(_)_ __  __ _ \ \ \ \
( ( )\___ | '_ | '_| | '_ \/ _` | \ \ \ \
 \\/  ___)| |_)| | | | | || (_| |  ) ) ) )
  '  |____| .__|_| |_|_| |_\__, | / / / /
 =========|_|==============|___/=/_/_/_/
 :: Spring Boot ::        (v2.2.4.RELEASE)

2020-02-22 18:19:20.201  INFO 10554 --- [    Test worker] c.i.e.EntrevistaApplicationTests         : Starting EntrevistaApplicationTests on HYAATORRESLX with PID 10554 (started by atorres in /home/atorres/Documents/InterCorp/entrevista)
2020-02-22 18:19:20.202  INFO 10554 --- [    Test worker] c.i.e.EntrevistaApplicationTests         : No active profile set, falling back to default profiles: default
2020-02-22 18:19:21.154  INFO 10554 --- [    Test worker] f.a.AutowiredAnnotationBeanPostProcessor : Autowired annotation is not supported on static fields: private static java.lang.String com.intercorp.entrevista.Config.ConnectionDB.RDS_HOSTNAME
2020-02-22 18:19:21.155  INFO 10554 --- [    Test worker] f.a.AutowiredAnnotationBeanPostProcessor : Autowired annotation is not supported on static fields: private static java.lang.String com.intercorp.entrevista.Config.ConnectionDB.RDS_HOSTNAME
2020-02-22 18:19:22.497  INFO 10554 --- [    Test worker] c.i.entrevista.Config.ConnectionDB       : Remote connection successful.
2020-02-22 18:19:23.039  INFO 10554 --- [    Test worker] pertySourcedRequestMappingHandlerMapping : Mapped URL path [/v2/api-docs] onto method [springfox.documentation.swagger2.web.Swagger2Controller#getDocumentation(String, HttpServletRequest)]
2020-02-22 18:19:23.318  INFO 10554 --- [    Test worker] o.s.s.concurrent.ThreadPoolTaskExecutor  : Initializing ExecutorService 'applicationTaskExecutor'
2020-02-22 18:19:23.519  INFO 10554 --- [    Test worker] d.s.w.p.DocumentationPluginsBootstrapper : Context refreshed
2020-02-22 18:19:23.549  INFO 10554 --- [    Test worker] d.s.w.p.DocumentationPluginsBootstrapper : Found 1 custom documentation plugin(s)
2020-02-22 18:19:23.583  INFO 10554 --- [    Test worker] s.d.s.w.s.ApiListingReferenceScanner     : Scanning for api listing references
2020-02-22 18:19:23.609  INFO 10554 --- [    Test worker] c.i.e.EntrevistaApplicationTests         : Started EntrevistaApplicationTests in 3.59 seconds (JVM running for 4.484)
]]></system-out>
  <system-err><![CDATA[Sat Feb 22 18:19:21 ART 2020 WARN: Establishing SSL connection without server's identity verification is not recommended. According to MySQL 5.5.45+, 5.6.26+ and 5.7.6+ requirements SSL connection must be established by default if explicit option isn't set. For compliance with existing applications not using SSL the verifyServerCertificate property is set to 'false'. You need either to explicitly disable SSL by setting useSSL=false, or set useSSL=true and provide truststore for server certificate verification.
]]></system-err>
</testsuite>
