<?xml version="1.0" encoding="UTF-8"?>
<testsuite name="com.intercorp.entrevista.EntrevistaApplicationTests" tests="1" skipped="0" failures="0" errors="0" timestamp="2020-02-25T19:02:50" hostname="HYAATORRESLX" time="0.012">
  <properties/>
  <testcase name="contextLoads()" classname="com.intercorp.entrevista.EntrevistaApplicationTests" time="0.012"/>
  <system-out><![CDATA[16:02:47.826 [Test worker] DEBUG org.springframework.test.context.BootstrapUtils - Instantiating CacheAwareContextLoaderDelegate from class [org.springframework.test.context.cache.DefaultCacheAwareContextLoaderDelegate]
16:02:47.836 [Test worker] DEBUG org.springframework.test.context.BootstrapUtils - Instantiating BootstrapContext using constructor [public org.springframework.test.context.support.DefaultBootstrapContext(java.lang.Class,org.springframework.test.context.CacheAwareContextLoaderDelegate)]
16:02:47.861 [Test worker] DEBUG org.springframework.test.context.BootstrapUtils - Instantiating TestContextBootstrapper for test class [com.intercorp.entrevista.EntrevistaApplicationTests] from class [org.springframework.boot.test.context.SpringBootTestContextBootstrapper]
16:02:47.874 [Test worker] INFO org.springframework.boot.test.context.SpringBootTestContextBootstrapper - Neither @ContextConfiguration nor @ContextHierarchy found for test class [com.intercorp.entrevista.EntrevistaApplicationTests], using SpringBootContextLoader
16:02:47.878 [Test worker] DEBUG org.springframework.test.context.support.AbstractContextLoader - Did not detect default resource location for test class [com.intercorp.entrevista.EntrevistaApplicationTests]: class path resource [com/intercorp/entrevista/EntrevistaApplicationTests-context.xml] does not exist
16:02:47.879 [Test worker] DEBUG org.springframework.test.context.support.AbstractContextLoader - Did not detect default resource location for test class [com.intercorp.entrevista.EntrevistaApplicationTests]: class path resource [com/intercorp/entrevista/EntrevistaApplicationTestsContext.groovy] does not exist
16:02:47.879 [Test worker] INFO org.springframework.test.context.support.AbstractContextLoader - Could not detect default resource locations for test class [com.intercorp.entrevista.EntrevistaApplicationTests]: no resource found for suffixes {-context.xml, Context.groovy}.
16:02:47.880 [Test worker] INFO org.springframework.test.context.support.AnnotationConfigContextLoaderUtils - Could not detect default configuration classes for test class [com.intercorp.entrevista.EntrevistaApplicationTests]: EntrevistaApplicationTests does not declare any static, non-private, non-final, nested classes annotated with @Configuration.
16:02:47.910 [Test worker] DEBUG org.springframework.test.context.support.ActiveProfilesUtils - Could not find an 'annotation declaring class' for annotation type [org.springframework.test.context.ActiveProfiles] and class [com.intercorp.entrevista.EntrevistaApplicationTests]
16:02:47.964 [Test worker] DEBUG org.springframework.context.annotation.ClassPathScanningCandidateComponentProvider - Identified candidate component class: file [/home/atorres/Documents/InterCorp/entrevista/build/classes/java/main/com/intercorp/entrevista/EntrevistaApplication.class]
16:02:47.965 [Test worker] INFO org.springframework.boot.test.context.SpringBootTestContextBootstrapper - Found @SpringBootConfiguration com.intercorp.entrevista.EntrevistaApplication for test class com.intercorp.entrevista.EntrevistaApplicationTests
16:02:48.036 [Test worker] DEBUG org.springframework.boot.test.context.SpringBootTestContextBootstrapper - @TestExecutionListeners is not present for class [com.intercorp.entrevista.EntrevistaApplicationTests]: using defaults.
16:02:48.036 [Test worker] INFO org.springframework.boot.test.context.SpringBootTestContextBootstrapper - Loaded default TestExecutionListener class names from location [META-INF/spring.factories]: [org.springframework.boot.test.autoconfigure.restdocs.RestDocsTestExecutionListener, org.springframework.boot.test.autoconfigure.web.client.MockRestServiceServerResetTestExecutionListener, org.springframework.boot.test.autoconfigure.web.servlet.MockMvcPrintOnlyOnFailureTestExecutionListener, org.springframework.boot.test.autoconfigure.web.servlet.WebDriverTestExecutionListener, org.springframework.boot.test.mock.mockito.MockitoTestExecutionListener, org.springframework.boot.test.mock.mockito.ResetMocksTestExecutionListener, org.springframework.test.context.web.ServletTestExecutionListener, org.springframework.test.context.support.DirtiesContextBeforeModesTestExecutionListener, org.springframework.test.context.support.DependencyInjectionTestExecutionListener, org.springframework.test.context.support.DirtiesContextTestExecutionListener, org.springframework.test.context.transaction.TransactionalTestExecutionListener, org.springframework.test.context.jdbc.SqlScriptsTestExecutionListener, org.springframework.test.context.event.EventPublishingTestExecutionListener]
16:02:48.043 [Test worker] DEBUG org.springframework.boot.test.context.SpringBootTestContextBootstrapper - Skipping candidate TestExecutionListener [org.springframework.test.context.transaction.TransactionalTestExecutionListener] due to a missing dependency. Specify custom listener classes or make the default listener classes and their required dependencies available. Offending class: [org/springframework/transaction/TransactionDefinition]
16:02:48.044 [Test worker] DEBUG org.springframework.boot.test.context.SpringBootTestContextBootstrapper - Skipping candidate TestExecutionListener [org.springframework.test.context.jdbc.SqlScriptsTestExecutionListener] due to a missing dependency. Specify custom listener classes or make the default listener classes and their required dependencies available. Offending class: [org/springframework/transaction/interceptor/TransactionAttribute]
16:02:48.044 [Test worker] INFO org.springframework.boot.test.context.SpringBootTestContextBootstrapper - Using TestExecutionListeners: [org.springframework.test.context.web.ServletTestExecutionListener@7665a4fc, org.springframework.test.context.support.DirtiesContextBeforeModesTestExecutionListener@11887909, org.springframework.boot.test.mock.mockito.MockitoTestExecutionListener@1f075e2b, org.springframework.boot.test.autoconfigure.SpringBootDependencyInjectionTestExecutionListener@4fe2a1af, org.springframework.test.context.support.DirtiesContextTestExecutionListener@147bbeeb, org.springframework.test.context.event.EventPublishingTestExecutionListener@46e9cd5c, org.springframework.boot.test.autoconfigure.restdocs.RestDocsTestExecutionListener@63ba25ac, org.springframework.boot.test.autoconfigure.web.client.MockRestServiceServerResetTestExecutionListener@398f1fad, org.springframework.boot.test.autoconfigure.web.servlet.MockMvcPrintOnlyOnFailureTestExecutionListener@70ca6291, org.springframework.boot.test.autoconfigure.web.servlet.WebDriverTestExecutionListener@78c1c2f9, org.springframework.boot.test.mock.mockito.ResetMocksTestExecutionListener@4ae40f08]
16:02:48.047 [Test worker] DEBUG org.springframework.test.context.support.AbstractDirtiesContextTestExecutionListener - Before test class: context [DefaultTestContext@423db3e testClass = EntrevistaApplicationTests, testInstance = [null], testMethod = [null], testException = [null], mergedContextConfiguration = [WebMergedContextConfiguration@c8fa79a testClass = EntrevistaApplicationTests, locations = '{}', classes = '{class com.intercorp.entrevista.EntrevistaApplication}', contextInitializerClasses = '[]', activeProfiles = '{}', propertySourceLocations = '{}', propertySourceProperties = '{org.springframework.boot.test.context.SpringBootTestContextBootstrapper=true}', contextCustomizers = set[org.springframework.boot.test.autoconfigure.properties.PropertyMappingContextCustomizer@0, org.springframework.boot.test.autoconfigure.web.servlet.WebDriverContextCustomizerFactory$Customizer@9b06670, org.springframework.boot.test.context.filter.ExcludeFilterContextCustomizer@2649799c, org.springframework.boot.test.json.DuplicateJsonObjectContextCustomizerFactory$DuplicateJsonObjectContextCustomizer@46522213, org.springframework.boot.test.mock.mockito.MockitoContextCustomizer@0, org.springframework.boot.test.web.client.TestRestTemplateContextCustomizer@5921f076], resourceBasePath = 'src/main/webapp', contextLoader = 'org.springframework.boot.test.context.SpringBootContextLoader', parent = [null]], attributes = map['org.springframework.test.context.web.ServletTestExecutionListener.activateListener' -> true]], class annotated with @DirtiesContext [false] with mode [null].
16:02:48.066 [Test worker] DEBUG org.springframework.test.context.support.TestPropertySourceUtils - Adding inlined properties to environment: {spring.jmx.enabled=false, org.springframework.boot.test.context.SpringBootTestContextBootstrapper=true, server.port=-1}
?[30m2020-02-25 16:02:48,308?[0;39m ?[39mDEBUG?[0;39m [?[34mTest worker?[0;39m] ?[33morg.springframework.boot.context.logging.ClasspathLoggingApplicationListener?[0;39m: Application started with classpath: [file:/home/atorres/.gradle/caches/6.0.1/workerMain/gradle-worker.jar, file:/home/atorres/Documents/InterCorp/entrevista/build/classes/java/test/, file:/home/atorres/Documents/InterCorp/entrevista/build/resources/test, file:/home/atorres/Documents/InterCorp/entrevista/build/classes/java/main/, file:/home/atorres/Documents/InterCorp/entrevista/build/resources/main/, file:/home/atorres/.gradle/caches/modules-2/files-2.1/io.springfox/springfox-swagger-ui/2.9.2/d542382a88ff3ea8d4032c28b2b0325797fada7d/springfox-swagger-ui-2.9.2.jar, file:/home/atorres/.gradle/caches/modules-2/files-2.1/io.springfox/springfox-swagger2/2.9.2/362676bc7f4c6f9f1d568741becab0dfc198c898/springfox-swagger2-2.9.2.jar, file:/home/atorres/.gradle/caches/modules-2/files-2.1/mysql/mysql-connector-java/5.1.48/9140be77aafa5050bf4bb936d560cbacb5a6b5c1/mysql-connector-java-5.1.48.jar, file:/home/atorres/.gradle/caches/modules-2/files-2.1/org.springframework.boot/spring-boot-starter-web/2.2.4.RELEASE/ec75d01d212b5229c16d872fb127744c0ed46ed8/spring-boot-starter-web-2.2.4.RELEASE.jar, file:/home/atorres/.gradle/caches/modules-2/files-2.1/org.springframework.boot/spring-boot-starter-tomcat/2.2.4.RELEASE/74dd17485ad4cc889ca51aac17675177df94ac52/spring-boot-starter-tomcat-2.2.4.RELEASE.jar, file:/home/atorres/.gradle/caches/modules-2/files-2.1/org.springframework.boot/spring-boot-starter-test/2.2.4.RELEASE/a2f42a2e8287ff7da8cc225a93af64f5a5f3fb23/spring-boot-starter-test-2.2.4.RELEASE.jar, file:/home/atorres/.gradle/caches/modules-2/files-2.1/org.mockito/mockito-junit-jupiter/3.1.0/3c181fd8296b86671a8a466b642ba564b1237c13/mockito-junit-jupiter-3.1.0.jar, file:/home/atorres/.gradle/caches/modules-2/files-2.1/org.mockito/mockito-core/3.3.0/a5c0595ab772db9a80c94f651709f6bbb711ed90/mockito-core-3.3.0.jar, file:/home/atorres/.gradle/caches/modules-2/files-2.1/io.springfox/springfox-swagger-common/2.9.2/b38a41b3044af80cb7f41f67be5d158c9f6491ec/springfox-swagger-common-2.9.2.jar, file:/home/atorres/.gradle/caches/modules-2/files-2.1/io.springfox/springfox-spring-web/2.9.2/ed2ed714a6cba8804d00f80f0534901e4c7a3211/springfox-spring-web-2.9.2.jar, file:/home/atorres/.gradle/caches/modules-2/files-2.1/io.swagger/swagger-models/1.5.20/fb3a23bad80c5ed84db9dd150db2cba699531458/swagger-models-1.5.20.jar, file:/home/atorres/.gradle/caches/modules-2/files-2.1/io.swagger/swagger-annotations/1.5.20/16051f93ce11ca489a5313775d825f82fcc2cd6c/swagger-annotations-1.5.20.jar, file:/home/atorres/.gradle/caches/modules-2/files-2.1/io.springfox/springfox-schema/2.9.2/e268f38774b16bb51a92ccaef0dcf3dc651c0cee/springfox-schema-2.9.2.jar, file:/home/atorres/.gradle/caches/modules-2/files-2.1/io.springfox/springfox-spi/2.9.2/6ac686190a6ceaccdae8b50d03b0501d144a6666/springfox-spi-2.9.2.jar, file:/home/atorres/.gradle/caches/modules-2/files-2.1/io.springfox/springfox-core/2.9.2/2e26f58939c594fb5c958c3a1c7bedf83d2f2702/springfox-core-2.9.2.jar, file:/home/atorres/.gradle/caches/modules-2/files-2.1/com.google.guava/guava/20.0/89507701249388e1ed5ddcf8c41f4ce1be7831ef/guava-20.0.jar, file:/home/atorres/.gradle/caches/modules-2/files-2.1/org.springframework.boot/spring-boot-starter-validation/2.2.4.RELEASE/c5848cd3637436ba632fdd2657ea617dcf96394f/spring-boot-starter-validation-2.2.4.RELEASE.jar, file:/home/atorres/.gradle/caches/modules-2/files-2.1/org.hibernate.validator/hibernate-validator/6.0.18.Final/7fd00bcd87e14b6ba66279282ef15efa30dd2492/hibernate-validator-6.0.18.Final.jar, file:/home/atorres/.gradle/caches/modules-2/files-2.1/com.fasterxml/classmate/1.5.1/3fe0bed568c62df5e89f4f174c101eab25345b6c/classmate-1.5.1.jar, file:/home/atorres/.gradle/caches/modules-2/files-2.1/org.springframework.plugin/spring-plugin-metadata/1.2.0.RELEASE/97223fc496b6cab31602eedbd4202aa4fff0d44f/spring-plugin-metadata-1.2.0.RELEASE.jar, file:/home/atorres/.gradle/caches/modules-2/files-2.1/org.springframework.plugin/spring-plugin-core/1.2.0.RELEASE/f380e7760032e7d929184f8ad8a33716b75c0657/spring-plugin-core-1.2.0.RELEASE.jar, file:/home/atorres/.gradle/caches/modules-2/files-2.1/com.jayway.jsonpath/json-path/2.4.0/765a4401ceb2dc8d40553c2075eb80a8fa35c2ae/json-path-2.4.0.jar, file:/home/atorres/.gradle/caches/modules-2/files-2.1/org.springframework.boot/spring-boot-starter-json/2.2.4.RELEASE/1b5abcd02257e0ec77c8ee9cb3399e9e3fd4a0b9/spring-boot-starter-json-2.2.4.RELEASE.jar, file:/home/atorres/.gradle/caches/modules-2/files-2.1/org.springframework.boot/spring-boot-starter/2.2.4.RELEASE/7a1bb344e00091e7867eb61754fe41f097e13a47/spring-boot-starter-2.2.4.RELEASE.jar, file:/home/atorres/.gradle/caches/modules-2/files-2.1/org.springframework.boot/spring-boot-starter-logging/2.2.4.RELEASE/2b218e4ae88bfe8174ea1d52fe38fce70be0e67/spring-boot-starter-logging-2.2.4.RELEASE.jar, file:/home/atorres/.gradle/caches/modules-2/files-2.1/ch.qos.logback/logback-classic/1.2.3/7c4f3c474fb2c041d8028740440937705ebb473a/logback-classic-1.2.3.jar, file:/home/atorres/.gradle/caches/modules-2/files-2.1/org.apache.logging.log4j/log4j-to-slf4j/2.12.1/dfb42ea8ce1a399bcf7218efe8115a0b7ab3788a/log4j-to-slf4j-2.12.1.jar, file:/home/atorres/.gradle/caches/modules-2/files-2.1/org.slf4j/jul-to-slf4j/1.7.30/d58bebff8cbf70ff52b59208586095f467656c30/jul-to-slf4j-1.7.30.jar, file:/home/atorres/.gradle/caches/modules-2/files-2.1/org.slf4j/slf4j-api/1.7.30/b5a4b6d16ab13e34a88fae84c35cd5d68cac922c/slf4j-api-1.7.30.jar, file:/home/atorres/.gradle/caches/modules-2/files-2.1/org.mapstruct/mapstruct/1.2.0.Final/8609d6eb044e9f6c73cb24c8f2f4ed5c72a249c7/mapstruct-1.2.0.Final.jar, file:/home/atorres/.gradle/caches/modules-2/files-2.1/org.springframework/spring-webmvc/5.2.3.RELEASE/745a62502023d2496b565b7fe102bb1ee229d6b7/spring-webmvc-5.2.3.RELEASE.jar, file:/home/atorres/.gradle/caches/modules-2/files-2.1/org.springframework/spring-web/5.2.3.RELEASE/dd386a02e40b915ab400a3bf9f586d2dc4c0852c/spring-web-5.2.3.RELEASE.jar, file:/home/atorres/.gradle/caches/modules-2/files-2.1/jakarta.annotation/jakarta.annotation-api/1.3.5/59eb84ee0d616332ff44aba065f3888cf002cd2d/jakarta.annotation-api-1.3.5.jar, file:/home/atorres/.gradle/caches/modules-2/files-2.1/org.apache.tomcat.embed/tomcat-embed-websocket/9.0.30/33157f6bc5bfd03380ebb5ac476db0600a04168d/tomcat-embed-websocket-9.0.30.jar, file:/home/atorres/.gradle/caches/modules-2/files-2.1/org.apache.tomcat.embed/tomcat-embed-core/9.0.30/ad32909314fe2ba02cec036434c0addd19bcc580/tomcat-embed-core-9.0.30.jar, file:/home/atorres/.gradle/caches/modules-2/files-2.1/org.apache.tomcat.embed/tomcat-embed-el/9.0.30/406e0c7cc45204c0f81853d73e8cfedfa4e00945/tomcat-embed-el-9.0.30.jar, file:/home/atorres/.gradle/caches/modules-2/files-2.1/net.bytebuddy/byte-buddy/1.10.6/1a745b7ef012ea7b96d7d6f1fae5afac11fcee3d/byte-buddy-1.10.6.jar, file:/home/atorres/.gradle/caches/modules-2/files-2.1/net.bytebuddy/byte-buddy-agent/1.10.6/b7610aba4fa3146374a739c68c466b4fe6a55cf1/byte-buddy-agent-1.10.6.jar, file:/home/atorres/.gradle/caches/modules-2/files-2.1/org.objenesis/objenesis/2.6/639033469776fd37c08358c6b92a4761feb2af4b/objenesis-2.6.jar, file:/home/atorres/.gradle/caches/modules-2/files-2.1/org.springframework.boot/spring-boot-test-autoconfigure/2.2.4.RELEASE/90ec5147666e81d572681f8eaef6797732c3466d/spring-boot-test-autoconfigure-2.2.4.RELEASE.jar, file:/home/atorres/.gradle/caches/modules-2/files-2.1/org.springframework.boot/spring-boot-test/2.2.4.RELEASE/793c9bf969d12617fa368e4ad42fa8631af1465c/spring-boot-test-2.2.4.RELEASE.jar, file:/home/atorres/.gradle/caches/modules-2/files-2.1/jakarta.xml.bind/jakarta.xml.bind-api/2.3.2/8d49996a4338670764d7ca4b85a1c4ccf7fe665d/jakarta.xml.bind-api-2.3.2.jar, file:/home/atorres/.gradle/caches/modules-2/files-2.1/org.junit.jupiter/junit-jupiter/5.5.2/f8561a498ec26b24a3a64aebb6b2307fed000a33/junit-jupiter-5.5.2.jar, file:/home/atorres/.gradle/caches/modules-2/files-2.1/org.assertj/assertj-core/3.13.2/bb7b963fe752f69f055df0025691eceb83ce0c5d/assertj-core-3.13.2.jar, file:/home/atorres/.gradle/caches/modules-2/files-2.1/org.hamcrest/hamcrest/2.1/9420ba32c29217b54eebd26ff7f9234d31c3fbb2/hamcrest-2.1.jar, file:/home/atorres/.gradle/caches/modules-2/files-2.1/org.skyscreamer/jsonassert/1.5.0/6c9d5fe2f59da598d9aefc1cfc6528ff3cf32df3/jsonassert-1.5.0.jar, file:/home/atorres/.gradle/caches/modules-2/files-2.1/org.springframework/spring-test/5.2.3.RELEASE/28aeb3858edaf218fdc3db1bd46857fe9ffa7103/spring-test-5.2.3.RELEASE.jar, file:/home/atorres/.gradle/caches/modules-2/files-2.1/org.springframework.boot/spring-boot-autoconfigure/2.2.4.RELEASE/36d2bb5d0eeb616eb84f754c4076b30e6b61614c/spring-boot-autoconfigure-2.2.4.RELEASE.jar, file:/home/atorres/.gradle/caches/modules-2/files-2.1/org.springframework.boot/spring-boot/2.2.4.RELEASE/225a4fd31156c254e3bb92adb42ee8c6de812714/spring-boot-2.2.4.RELEASE.jar, file:/home/atorres/.gradle/caches/modules-2/files-2.1/org.springframework/spring-context/5.2.3.RELEASE/7750c95c96c7a1885c8b1b503ba915bc33ca579a/spring-context-5.2.3.RELEASE.jar, file:/home/atorres/.gradle/caches/modules-2/files-2.1/org.springframework/spring-aop/5.2.3.RELEASE/9cdd9a1dd636331767fffcc7fe49a7bb00e7b34b/spring-aop-5.2.3.RELEASE.jar, file:/home/atorres/.gradle/caches/modules-2/files-2.1/org.springframework/spring-beans/5.2.3.RELEASE/250c8c641433dc06b1b44e4563fa08a2fbf8954/spring-beans-5.2.3.RELEASE.jar, file:/home/atorres/.gradle/caches/modules-2/files-2.1/org.springframework/spring-expression/5.2.3.RELEASE/d0c6bb10758805b2153c589686b8045554bfac2d/spring-expression-5.2.3.RELEASE.jar, file:/home/atorres/.gradle/caches/modules-2/files-2.1/org.springframework/spring-core/5.2.3.RELEASE/3734223040040e8c3fecd5faa3ae8a1ed6da146b/spring-core-5.2.3.RELEASE.jar, file:/home/atorres/.gradle/caches/modules-2/files-2.1/org.xmlunit/xmlunit-core/2.6.3/cdb208320aed4a7b94fb236cfbf91aeb6d0ede14/xmlunit-core-2.6.3.jar, file:/home/atorres/.gradle/caches/modules-2/files-2.1/com.fasterxml.jackson.datatype/jackson-datatype-jdk8/2.10.2/dca8c8ab85eaabefe021e2f1ac777f3a6b16a3cb/jackson-datatype-jdk8-2.10.2.jar, file:/home/atorres/.gradle/caches/modules-2/files-2.1/com.fasterxml.jackson.datatype/jackson-datatype-jsr310/2.10.2/8d95d3f2b20c7d2f598b6d5e7f4e2d688ac1bc78/jackson-datatype-jsr310-2.10.2.jar, file:/home/atorres/.gradle/caches/modules-2/files-2.1/com.fasterxml.jackson.module/jackson-module-parameter-names/2.10.2/d380777656dfdd253d9cf0956d61d98dce02c740/jackson-module-parameter-names-2.10.2.jar, file:/home/atorres/.gradle/caches/modules-2/files-2.1/com.fasterxml.jackson.core/jackson-databind/2.10.2/528de95f198afafbcfb0c09d2e43b6e0ea663ec/jackson-databind-2.10.2.jar, file:/home/atorres/.gradle/caches/modules-2/files-2.1/com.fasterxml.jackson.core/jackson-annotations/2.10.2/3a13b6105946541b8d4181a0506355b5fae63260/jackson-annotations-2.10.2.jar, file:/home/atorres/.gradle/caches/modules-2/files-2.1/org.yaml/snakeyaml/1.25/8b6e01ef661d8378ae6dd7b511a7f2a33fae1421/snakeyaml-1.25.jar, file:/home/atorres/.gradle/caches/modules-2/files-2.1/jakarta.validation/jakarta.validation-api/2.0.2/5eacc6522521f7eacb081f95cee1e231648461e7/jakarta.validation-api-2.0.2.jar, file:/home/atorres/.gradle/caches/modules-2/files-2.1/net.minidev/json-smart/2.3/7396407491352ce4fa30de92efb158adb76b5b/json-smart-2.3.jar, file:/home/atorres/.gradle/caches/modules-2/files-2.1/jakarta.activation/jakarta.activation-api/1.2.1/562a587face36ec7eff2db7f2fc95425c6602bc1/jakarta.activation-api-1.2.1.jar, file:/home/atorres/.gradle/caches/modules-2/files-2.1/org.junit.jupiter/junit-jupiter-params/5.5.2/e0659722923bd9fdfa08602e2da22bd5a9d354e8/junit-jupiter-params-5.5.2.jar, file:/home/atorres/.gradle/caches/modules-2/files-2.1/org.junit.jupiter/junit-jupiter-engine/5.5.2/f597408bde45371548f9e9791da7981a1134328d/junit-jupiter-engine-5.5.2.jar, file:/home/atorres/.gradle/caches/modules-2/files-2.1/org.junit.jupiter/junit-jupiter-api/5.5.2/6393db7e4c0265152d8fc4ff146633d1a7d36c47/junit-jupiter-api-5.5.2.jar, file:/home/atorres/.gradle/caches/modules-2/files-2.1/com.vaadin.external.google/android-json/0.0.20131108.vaadin1/fa26d351fe62a6a17f5cda1287c1c6110dec413f/android-json-0.0.20131108.vaadin1.jar, file:/home/atorres/.gradle/caches/modules-2/files-2.1/org.springframework/spring-jcl/5.2.3.RELEASE/fcba3ae00724ee18f37aa49ac887a5fd4ad77502/spring-jcl-5.2.3.RELEASE.jar, file:/home/atorres/.gradle/caches/modules-2/files-2.1/com.fasterxml.jackson.core/jackson-core/2.10.2/73d4322a6bda684f676a2b5fe918361c4e5c7cca/jackson-core-2.10.2.jar, file:/home/atorres/.gradle/caches/modules-2/files-2.1/org.jboss.logging/jboss-logging/3.4.1.Final/40fd4d696c55793e996d1ff3c475833f836c2498/jboss-logging-3.4.1.Final.jar, file:/home/atorres/.gradle/caches/modules-2/files-2.1/net.minidev/accessors-smart/1.2/c592b500269bfde36096641b01238a8350f8aa31/accessors-smart-1.2.jar, file:/home/atorres/.gradle/caches/modules-2/files-2.1/org.junit.platform/junit-platform-engine/1.5.2/d5697f6ebe0b4d08c0210b5b98b4e1a40f40dfc6/junit-platform-engine-1.5.2.jar, file:/home/atorres/.gradle/caches/modules-2/files-2.1/org.junit.platform/junit-platform-commons/1.5.2/9703df63b65d415b2a027d43ce908c625b3aedce/junit-platform-commons-1.5.2.jar, file:/home/atorres/.gradle/caches/modules-2/files-2.1/org.apiguardian/apiguardian-api/1.1.0/fc9dff4bb36d627bdc553de77e1f17efd790876c/apiguardian-api-1.1.0.jar, file:/home/atorres/.gradle/caches/modules-2/files-2.1/org.opentest4j/opentest4j/1.2.0/28c11eb91f9b6d8e200631d46e20a7f407f2a046/opentest4j-1.2.0.jar, file:/home/atorres/.gradle/caches/modules-2/files-2.1/ch.qos.logback/logback-core/1.2.3/864344400c3d4d92dfeb0a305dc87d953677c03c/logback-core-1.2.3.jar, file:/home/atorres/.gradle/caches/modules-2/files-2.1/org.apache.logging.log4j/log4j-api/2.12.1/a55e6d987f50a515c9260b0451b4fa217dc539cb/log4j-api-2.12.1.jar, file:/home/atorres/.gradle/caches/modules-2/files-2.1/org.ow2.asm/asm/5.0.4/da08b8cce7bbf903602a25a3a163ae252435795/asm-5.0.4.jar]

  .   ____          _            __ _ _
 /\\ / ___'_ __ _ _(_)_ __  __ _ \ \ \ \
( ( )\___ | '_ | '_| | '_ \/ _` | \ \ \ \
 \\/  ___)| |_)| | | | | || (_| |  ) ) ) )
  '  |____| .__|_| |_|_| |_\__, | / / / /
 =========|_|==============|___/=/_/_/_/
 :: Spring Boot ::        (v2.2.4.RELEASE)

?[30m2020-02-25 16:02:48,323?[0;39m ?[39mDEBUG?[0;39m [?[34mbackground-preinit?[0;39m] ?[33morg.hibernate.validator.messageinterpolation.ResourceBundleMessageInterpolator?[0;39m: Loaded expression factory via original TCCL
?[30m2020-02-25 16:02:48,330?[0;39m ?[39mDEBUG?[0;39m [?[34mbackground-preinit?[0;39m] ?[33morg.hibernate.validator.internal.engine.ValidatorFactoryImpl?[0;39m: HV000234: Using org.hibernate.validator.messageinterpolation.ResourceBundleMessageInterpolator as ValidatorFactory-scoped message interpolator.
?[30m2020-02-25 16:02:48,331?[0;39m ?[39mDEBUG?[0;39m [?[34mbackground-preinit?[0;39m] ?[33morg.hibernate.validator.internal.engine.ValidatorFactoryImpl?[0;39m: HV000234: Using org.hibernate.validator.internal.engine.resolver.TraverseAllTraversableResolver as ValidatorFactory-scoped traversable resolver.
?[30m2020-02-25 16:02:48,331?[0;39m ?[39mDEBUG?[0;39m [?[34mbackground-preinit?[0;39m] ?[33morg.hibernate.validator.internal.engine.ValidatorFactoryImpl?[0;39m: HV000234: Using org.hibernate.validator.internal.util.ExecutableParameterNameProvider as ValidatorFactory-scoped parameter name provider.
?[30m2020-02-25 16:02:48,331?[0;39m ?[39mDEBUG?[0;39m [?[34mbackground-preinit?[0;39m] ?[33morg.hibernate.validator.internal.engine.ValidatorFactoryImpl?[0;39m: HV000234: Using org.hibernate.validator.internal.engine.DefaultClockProvider as ValidatorFactory-scoped clock provider.
?[30m2020-02-25 16:02:48,332?[0;39m ?[39mDEBUG?[0;39m [?[34mbackground-preinit?[0;39m] ?[33morg.hibernate.validator.internal.engine.ValidatorFactoryImpl?[0;39m: HV000234: Using org.hibernate.validator.internal.engine.scripting.DefaultScriptEvaluatorFactory as ValidatorFactory-scoped script evaluator factory.
?[30m2020-02-25 16:02:48,404?[0;39m ?[34mINFO ?[0;39m [?[34mTest worker?[0;39m] ?[33morg.springframework.boot.StartupInfoLogger?[0;39m: Starting EntrevistaApplicationTests on HYAATORRESLX with PID 2759 (started by atorres in /home/atorres/Documents/InterCorp/entrevista)
?[30m2020-02-25 16:02:48,405?[0;39m ?[39mDEBUG?[0;39m [?[34mTest worker?[0;39m] ?[33morg.springframework.boot.StartupInfoLogger?[0;39m: Running with Spring Boot v2.2.4.RELEASE, Spring v5.2.3.RELEASE
?[30m2020-02-25 16:02:48,406?[0;39m ?[34mINFO ?[0;39m [?[34mTest worker?[0;39m] ?[33morg.springframework.boot.SpringApplication?[0;39m: No active profile set, falling back to default profiles: default
?[30m2020-02-25 16:02:48,407?[0;39m ?[39mDEBUG?[0;39m [?[34mTest worker?[0;39m] ?[33morg.springframework.boot.SpringApplication?[0;39m: Loading source class com.intercorp.entrevista.EntrevistaApplication
?[30m2020-02-25 16:02:48,439?[0;39m ?[39mDEBUG?[0;39m [?[34mTest worker?[0;39m] ?[33morg.springframework.boot.logging.DeferredLog?[0;39m: Loaded config file 'file:/home/atorres/Documents/InterCorp/entrevista/build/resources/main/application.properties' (classpath:/application.properties)
?[30m2020-02-25 16:02:48,440?[0;39m ?[39mDEBUG?[0;39m [?[34mTest worker?[0;39m] ?[33morg.springframework.context.support.AbstractApplicationContext?[0;39m: Refreshing org.springframework.web.context.support.GenericWebApplicationContext@4e08f74
?[30m2020-02-25 16:02:48,508?[0;39m ?[39mDEBUG?[0;39m [?[34mTest worker?[0;39m] ?[33morg.springframework.beans.factory.support.DefaultSingletonBeanRegistry?[0;39m: Creating shared instance of singleton bean 'org.springframework.context.annotation.internalConfigurationAnnotationProcessor'
?[30m2020-02-25 16:02:48,526?[0;39m ?[39mDEBUG?[0;39m [?[34mTest worker?[0;39m] ?[33morg.springframework.beans.factory.support.DefaultSingletonBeanRegistry?[0;39m: Creating shared instance of singleton bean 'org.springframework.boot.autoconfigure.internalCachingMetadataReaderFactory'
?[30m2020-02-25 16:02:48,562?[0;39m ?[39mDEBUG?[0;39m [?[34mTest worker?[0;39m] ?[33morg.springframework.context.annotation.ClassPathScanningCandidateComponentProvider?[0;39m: Identified candidate component class: file [/home/atorres/Documents/InterCorp/entrevista/build/classes/java/main/com/intercorp/entrevista/Config/ConnectionDB.class]
?[30m2020-02-25 16:02:48,565?[0;39m ?[39mDEBUG?[0;39m [?[34mTest worker?[0;39m] ?[33morg.springframework.context.annotation.ClassPathScanningCandidateComponentProvider?[0;39m: Identified candidate component class: file [/home/atorres/Documents/InterCorp/entrevista/build/classes/java/main/com/intercorp/entrevista/Config/SwaggerConfiguration.class]
?[30m2020-02-25 16:02:48,578?[0;39m ?[39mDEBUG?[0;39m [?[34mTest worker?[0;39m] ?[33morg.springframework.context.annotation.ClassPathScanningCandidateComponentProvider?[0;39m: Identified candidate component class: file [/home/atorres/Documents/InterCorp/entrevista/build/classes/java/main/com/intercorp/entrevista/Controller/ClientController.class]
?[30m2020-02-25 16:02:48,579?[0;39m ?[39mDEBUG?[0;39m [?[34mTest worker?[0;39m] ?[33morg.springframework.context.annotation.ClassPathScanningCandidateComponentProvider?[0;39m: Identified candidate component class: file [/home/atorres/Documents/InterCorp/entrevista/build/classes/java/main/com/intercorp/entrevista/Services/ClientServices.class]
?[30m2020-02-25 16:02:48,604?[0;39m ?[39mDEBUG?[0;39m [?[34mTest worker?[0;39m] ?[33morg.springframework.context.annotation.ClassPathScanningCandidateComponentProvider?[0;39m: Identified candidate component class: URL [jar:file:/home/atorres/.gradle/caches/modules-2/files-2.1/io.springfox/springfox-swagger2/2.9.2/362676bc7f4c6f9f1d568741becab0dfc198c898/springfox-swagger2-2.9.2.jar!/springfox/documentation/swagger2/mappers/ServiceModelToSwagger2MapperImpl.class]
?[30m2020-02-25 16:02:48,605?[0;39m ?[39mDEBUG?[0;39m [?[34mTest worker?[0;39m] ?[33morg.springframework.context.annotation.ClassPathScanningCandidateComponentProvider?[0;39m: Identified candidate component class: URL [jar:file:/home/atorres/.gradle/caches/modules-2/files-2.1/io.springfox/springfox-swagger2/2.9.2/362676bc7f4c6f9f1d568741becab0dfc198c898/springfox-swagger2-2.9.2.jar!/springfox/documentation/swagger2/mappers/VendorExtensionsMapperImpl.class]
?[30m2020-02-25 16:02:48,609?[0;39m ?[39mDEBUG?[0;39m [?[34mTest worker?[0;39m] ?[33morg.springframework.context.annotation.ClassPathScanningCandidateComponentProvider?[0;39m: Identified candidate component class: URL [jar:file:/home/atorres/.gradle/caches/modules-2/files-2.1/io.springfox/springfox-swagger2/2.9.2/362676bc7f4c6f9f1d568741becab0dfc198c898/springfox-swagger2-2.9.2.jar!/springfox/documentation/swagger2/mappers/ParameterMapperImpl.class]
?[30m2020-02-25 16:02:48,611?[0;39m ?[39mDEBUG?[0;39m [?[34mTest worker?[0;39m] ?[33morg.springframework.context.annotation.ClassPathScanningCandidateComponentProvider?[0;39m: Identified candidate component class: URL [jar:file:/home/atorres/.gradle/caches/modules-2/files-2.1/io.springfox/springfox-swagger2/2.9.2/362676bc7f4c6f9f1d568741becab0dfc198c898/springfox-swagger2-2.9.2.jar!/springfox/documentation/swagger2/mappers/ModelMapperImpl.class]
?[30m2020-02-25 16:02:48,613?[0;39m ?[39mDEBUG?[0;39m [?[34mTest worker?[0;39m] ?[33morg.springframework.context.annotation.ClassPathScanningCandidateComponentProvider?[0;39m: Identified candidate component class: URL [jar:file:/home/atorres/.gradle/caches/modules-2/files-2.1/io.springfox/springfox-swagger2/2.9.2/362676bc7f4c6f9f1d568741becab0dfc198c898/springfox-swagger2-2.9.2.jar!/springfox/documentation/swagger2/mappers/LicenseMapperImpl.class]
?[30m2020-02-25 16:02:48,615?[0;39m ?[39mDEBUG?[0;39m [?[34mTest worker?[0;39m] ?[33morg.springframework.context.annotation.ClassPathScanningCandidateComponentProvider?[0;39m: Identified candidate component class: URL [jar:file:/home/atorres/.gradle/caches/modules-2/files-2.1/io.springfox/springfox-swagger2/2.9.2/362676bc7f4c6f9f1d568741becab0dfc198c898/springfox-swagger2-2.9.2.jar!/springfox/documentation/swagger2/mappers/SecurityMapperImpl.class]
?[30m2020-02-25 16:02:48,632?[0;39m ?[39mDEBUG?[0;39m [?[34mTest worker?[0;39m] ?[33morg.springframework.context.annotation.ClassPathScanningCandidateComponentProvider?[0;39m: Identified candidate component class: URL [jar:file:/home/atorres/.gradle/caches/modules-2/files-2.1/io.springfox/springfox-spring-web/2.9.2/ed2ed714a6cba8804d00f80f0534901e4c7a3211/springfox-spring-web-2.9.2.jar!/springfox/documentation/spring/web/scanners/ApiListingReferenceScanner.class]
?[30m2020-02-25 16:02:48,634?[0;39m ?[39mDEBUG?[0;39m [?[34mTest worker?[0;39m] ?[33morg.springframework.context.annotation.ClassPathScanningCandidateComponentProvider?[0;39m: Identified candidate component class: URL [jar:file:/home/atorres/.gradle/caches/modules-2/files-2.1/io.springfox/springfox-spring-web/2.9.2/ed2ed714a6cba8804d00f80f0534901e4c7a3211/springfox-spring-web-2.9.2.jar!/springfox/documentation/spring/web/scanners/ApiDocumentationScanner.class]
?[30m2020-02-25 16:02:48,635?[0;39m ?[39mDEBUG?[0;39m [?[34mTest worker?[0;39m] ?[33morg.springframework.context.annotation.ClassPathScanningCandidateComponentProvider?[0;39m: Identified candidate component class: URL [jar:file:/home/atorres/.gradle/caches/modules-2/files-2.1/io.springfox/springfox-spring-web/2.9.2/ed2ed714a6cba8804d00f80f0534901e4c7a3211/springfox-spring-web-2.9.2.jar!/springfox/documentation/spring/web/scanners/ApiDescriptionReader.class]
?[30m2020-02-25 16:02:48,636?[0;39m ?[39mDEBUG?[0;39m [?[34mTest worker?[0;39m] ?[33morg.springframework.context.annotation.ClassPathScanningCandidateComponentProvider?[0;39m: Identified candidate component class: URL [jar:file:/home/atorres/.gradle/caches/modules-2/files-2.1/io.springfox/springfox-spring-web/2.9.2/ed2ed714a6cba8804d00f80f0534901e4c7a3211/springfox-spring-web-2.9.2.jar!/springfox/documentation/spring/web/scanners/ApiListingReader.class]
?[30m2020-02-25 16:02:48,637?[0;39m ?[39mDEBUG?[0;39m [?[34mTest worker?[0;39m] ?[33morg.springframework.context.annotation.ClassPathScanningCandidateComponentProvider?[0;39m: Identified candidate component class: URL [jar:file:/home/atorres/.gradle/caches/modules-2/files-2.1/io.springfox/springfox-spring-web/2.9.2/ed2ed714a6cba8804d00f80f0534901e4c7a3211/springfox-spring-web-2.9.2.jar!/springfox/documentation/spring/web/scanners/CachingOperationReader.class]
?[30m2020-02-25 16:02:48,638?[0;39m ?[39mDEBUG?[0;39m [?[34mTest worker?[0;39m] ?[33morg.springframework.context.annotation.ClassPathScanningCandidateComponentProvider?[0;39m: Identified candidate component class: URL [jar:file:/home/atorres/.gradle/caches/modules-2/files-2.1/io.springfox/springfox-spring-web/2.9.2/ed2ed714a6cba8804d00f80f0534901e4c7a3211/springfox-spring-web-2.9.2.jar!/springfox/documentation/spring/web/scanners/MediaTypeReader.class]
?[30m2020-02-25 16:02:48,639?[0;39m ?[39mDEBUG?[0;39m [?[34mTest worker?[0;39m] ?[33morg.springframework.context.annotation.ClassPathScanningCandidateComponentProvider?[0;39m: Identified candidate component class: URL [jar:file:/home/atorres/.gradle/caches/modules-2/files-2.1/io.springfox/springfox-spring-web/2.9.2/ed2ed714a6cba8804d00f80f0534901e4c7a3211/springfox-spring-web-2.9.2.jar!/springfox/documentation/spring/web/scanners/ApiListingScanner.class]
?[30m2020-02-25 16:02:48,640?[0;39m ?[39mDEBUG?[0;39m [?[34mTest worker?[0;39m] ?[33morg.springframework.context.annotation.ClassPathScanningCandidateComponentProvider?[0;39m: Identified candidate component class: URL [jar:file:/home/atorres/.gradle/caches/modules-2/files-2.1/io.springfox/springfox-spring-web/2.9.2/ed2ed714a6cba8804d00f80f0534901e4c7a3211/springfox-spring-web-2.9.2.jar!/springfox/documentation/spring/web/scanners/ApiModelReader.class]
?[30m2020-02-25 16:02:48,642?[0;39m ?[39mDEBUG?[0;39m [?[34mTest worker?[0;39m] ?[33morg.springframework.context.annotation.ClassPathScanningCandidateComponentProvider?[0;39m: Identified candidate component class: URL [jar:file:/home/atorres/.gradle/caches/modules-2/files-2.1/io.springfox/springfox-spring-web/2.9.2/ed2ed714a6cba8804d00f80f0534901e4c7a3211/springfox-spring-web-2.9.2.jar!/springfox/documentation/spring/web/scanners/ApiDescriptionLookup.class]
?[30m2020-02-25 16:02:48,646?[0;39m ?[39mDEBUG?[0;39m [?[34mTest worker?[0;39m] ?[33morg.springframework.context.annotation.ClassPathScanningCandidateComponentProvider?[0;39m: Identified candidate component class: URL [jar:file:/home/atorres/.gradle/caches/modules-2/files-2.1/io.springfox/springfox-spring-web/2.9.2/ed2ed714a6cba8804d00f80f0534901e4c7a3211/springfox-spring-web-2.9.2.jar!/springfox/documentation/spring/web/readers/operation/OperationModelsProvider.class]
?[30m2020-02-25 16:02:48,647?[0;39m ?[39mDEBUG?[0;39m [?[34mTest worker?[0;39m] ?[33morg.springframework.context.annotation.ClassPathScanningCandidateComponentProvider?[0;39m: Identified candidate component class: URL [jar:file:/home/atorres/.gradle/caches/modules-2/files-2.1/io.springfox/springfox-spring-web/2.9.2/ed2ed714a6cba8804d00f80f0534901e4c7a3211/springfox-spring-web-2.9.2.jar!/springfox/documentation/spring/web/readers/operation/OperationDeprecatedReader.class]
?[30m2020-02-25 16:02:48,649?[0;39m ?[39mDEBUG?[0;39m [?[34mTest worker?[0;39m] ?[33morg.springframework.context.annotation.ClassPathScanningCandidateComponentProvider?[0;39m: Identified candidate component class: URL [jar:file:/home/atorres/.gradle/caches/modules-2/files-2.1/io.springfox/springfox-spring-web/2.9.2/ed2ed714a6cba8804d00f80f0534901e4c7a3211/springfox-spring-web-2.9.2.jar!/springfox/documentation/spring/web/readers/operation/ResponseMessagesReader.class]
?[30m2020-02-25 16:02:48,651?[0;39m ?[39mDEBUG?[0;39m [?[34mTest worker?[0;39m] ?[33morg.springframework.context.annotation.ClassPathScanningCandidateComponentProvider?[0;39m: Identified candidate component class: URL [jar:file:/home/atorres/.gradle/caches/modules-2/files-2.1/io.springfox/springfox-spring-web/2.9.2/ed2ed714a6cba8804d00f80f0534901e4c7a3211/springfox-spring-web-2.9.2.jar!/springfox/documentation/spring/web/readers/operation/OperationParameterReader.class]
?[30m2020-02-25 16:02:48,652?[0;39m ?[39mDEBUG?[0;39m [?[34mTest worker?[0;39m] ?[33morg.springframework.context.annotation.ClassPathScanningCandidateComponentProvider?[0;39m: Identified candidate component class: URL [jar:file:/home/atorres/.gradle/caches/modules-2/files-2.1/io.springfox/springfox-spring-web/2.9.2/ed2ed714a6cba8804d00f80f0534901e4c7a3211/springfox-spring-web-2.9.2.jar!/springfox/documentation/spring/web/readers/operation/DefaultTagsProvider.class]
?[30m2020-02-25 16:02:48,653?[0;39m ?[39mDEBUG?[0;39m [?[34mTest worker?[0;39m] ?[33morg.springframework.context.annotation.ClassPathScanningCandidateComponentProvider?[0;39m: Identified candidate component class: URL [jar:file:/home/atorres/.gradle/caches/modules-2/files-2.1/io.springfox/springfox-spring-web/2.9.2/ed2ed714a6cba8804d00f80f0534901e4c7a3211/springfox-spring-web-2.9.2.jar!/springfox/documentation/spring/web/readers/operation/OperationTagsReader.class]
?[30m2020-02-25 16:02:48,655?[0;39m ?[39mDEBUG?[0;39m [?[34mTest worker?[0;39m] ?[33morg.springframework.context.annotation.ClassPathScanningCandidateComponentProvider?[0;39m: Identified candidate component class: URL [jar:file:/home/atorres/.gradle/caches/modules-2/files-2.1/io.springfox/springfox-spring-web/2.9.2/ed2ed714a6cba8804d00f80f0534901e4c7a3211/springfox-spring-web-2.9.2.jar!/springfox/documentation/spring/web/readers/operation/ApiOperationReader.class]
?[30m2020-02-25 16:02:48,656?[0;39m ?[39mDEBUG?[0;39m [?[34mTest worker?[0;39m] ?[33morg.springframework.context.annotation.ClassPathScanningCandidateComponentProvider?[0;39m: Identified candidate component class: URL [jar:file:/home/atorres/.gradle/caches/modules-2/files-2.1/io.springfox/springfox-spring-web/2.9.2/ed2ed714a6cba8804d00f80f0534901e4c7a3211/springfox-spring-web-2.9.2.jar!/springfox/documentation/spring/web/readers/operation/DefaultOperationReader.class]
?[30m2020-02-25 16:02:48,658?[0;39m ?[39mDEBUG?[0;39m [?[34mTest worker?[0;39m] ?[33morg.springframework.context.annotation.ClassPathScanningCandidateComponentProvider?[0;39m: Identified candidate component class: URL [jar:file:/home/atorres/.gradle/caches/modules-2/files-2.1/io.springfox/springfox-spring-web/2.9.2/ed2ed714a6cba8804d00f80f0534901e4c7a3211/springfox-spring-web-2.9.2.jar!/springfox/documentation/spring/web/readers/operation/OperationParameterRequestConditionReader.class]
?[30m2020-02-25 16:02:48,658?[0;39m ?[39mDEBUG?[0;39m [?[34mTest worker?[0;39m] ?[33morg.springframework.context.annotation.ClassPathScanningCandidateComponentProvider?[0;39m: Identified candidate component class: URL [jar:file:/home/atorres/.gradle/caches/modules-2/files-2.1/io.springfox/springfox-spring-web/2.9.2/ed2ed714a6cba8804d00f80f0534901e4c7a3211/springfox-spring-web-2.9.2.jar!/springfox/documentation/spring/web/readers/operation/OperationParameterHeadersConditionReader.class]
?[30m2020-02-25 16:02:48,660?[0;39m ?[39mDEBUG?[0;39m [?[34mTest worker?[0;39m] ?[33morg.springframework.context.annotation.ClassPathScanningCandidateComponentProvider?[0;39m: Identified candidate component class: URL [jar:file:/home/atorres/.gradle/caches/modules-2/files-2.1/io.springfox/springfox-spring-web/2.9.2/ed2ed714a6cba8804d00f80f0534901e4c7a3211/springfox-spring-web-2.9.2.jar!/springfox/documentation/spring/web/readers/operation/OperationResponseClassReader.class]
?[30m2020-02-25 16:02:48,660?[0;39m ?[39mDEBUG?[0;39m [?[34mTest worker?[0;39m] ?[33morg.springframework.context.annotation.ClassPathScanningCandidateComponentProvider?[0;39m: Identified candidate component class: URL [jar:file:/home/atorres/.gradle/caches/modules-2/files-2.1/io.springfox/springfox-spring-web/2.9.2/ed2ed714a6cba8804d00f80f0534901e4c7a3211/springfox-spring-web-2.9.2.jar!/springfox/documentation/spring/web/readers/operation/CachingOperationNameGenerator.class]
?[30m2020-02-25 16:02:48,666?[0;39m ?[39mDEBUG?[0;39m [?[34mTest worker?[0;39m] ?[33morg.springframework.context.annotation.ClassPathScanningCandidateComponentProvider?[0;39m: Identified candidate component class: URL [jar:file:/home/atorres/.gradle/caches/modules-2/files-2.1/io.springfox/springfox-spring-web/2.9.2/ed2ed714a6cba8804d00f80f0534901e4c7a3211/springfox-spring-web-2.9.2.jar!/springfox/documentation/spring/web/readers/parameter/ParameterMultiplesReader.class]
?[30m2020-02-25 16:02:48,668?[0;39m ?[39mDEBUG?[0;39m [?[34mTest worker?[0;39m] ?[33morg.springframework.context.annotation.ClassPathScanningCandidateComponentProvider?[0;39m: Identified candidate component class: URL [jar:file:/home/atorres/.gradle/caches/modules-2/files-2.1/io.springfox/springfox-spring-web/2.9.2/ed2ed714a6cba8804d00f80f0534901e4c7a3211/springfox-spring-web-2.9.2.jar!/springfox/documentation/spring/web/readers/parameter/ModelAttributeParameterExpander.class]
?[30m2020-02-25 16:02:48,670?[0;39m ?[39mDEBUG?[0;39m [?[34mTest worker?[0;39m] ?[33morg.springframework.context.annotation.ClassPathScanningCandidateComponentProvider?[0;39m: Identified candidate component class: URL [jar:file:/home/atorres/.gradle/caches/modules-2/files-2.1/io.springfox/springfox-spring-web/2.9.2/ed2ed714a6cba8804d00f80f0534901e4c7a3211/springfox-spring-web-2.9.2.jar!/springfox/documentation/spring/web/readers/parameter/ParameterTypeReader.class]
?[30m2020-02-25 16:02:48,671?[0;39m ?[39mDEBUG?[0;39m [?[34mTest worker?[0;39m] ?[33morg.springframework.context.annotation.ClassPathScanningCandidateComponentProvider?[0;39m: Identified candidate component class: URL [jar:file:/home/atorres/.gradle/caches/modules-2/files-2.1/io.springfox/springfox-spring-web/2.9.2/ed2ed714a6cba8804d00f80f0534901e4c7a3211/springfox-spring-web-2.9.2.jar!/springfox/documentation/spring/web/readers/parameter/ParameterRequiredReader.class]
?[30m2020-02-25 16:02:48,673?[0;39m ?[39mDEBUG?[0;39m [?[34mTest worker?[0;39m] ?[33morg.springframework.context.annotation.ClassPathScanningCandidateComponentProvider?[0;39m: Identified candidate component class: URL [jar:file:/home/atorres/.gradle/caches/modules-2/files-2.1/io.springfox/springfox-spring-web/2.9.2/ed2ed714a6cba8804d00f80f0534901e4c7a3211/springfox-spring-web-2.9.2.jar!/springfox/documentation/spring/web/readers/parameter/ParameterDataTypeReader.class]
?[30m2020-02-25 16:02:48,674?[0;39m ?[39mDEBUG?[0;39m [?[34mTest worker?[0;39m] ?[33morg.springframework.context.annotation.ClassPathScanningCandidateComponentProvider?[0;39m: Identified candidate component class: URL [jar:file:/home/atorres/.gradle/caches/modules-2/files-2.1/io.springfox/springfox-spring-web/2.9.2/ed2ed714a6cba8804d00f80f0534901e4c7a3211/springfox-spring-web-2.9.2.jar!/springfox/documentation/spring/web/readers/parameter/ParameterDefaultReader.class]
?[30m2020-02-25 16:02:48,676?[0;39m ?[39mDEBUG?[0;39m [?[34mTest worker?[0;39m] ?[33morg.springframework.context.annotation.ClassPathScanningCandidateComponentProvider?[0;39m: Identified candidate component class: URL [jar:file:/home/atorres/.gradle/caches/modules-2/files-2.1/io.springfox/springfox-spring-web/2.9.2/ed2ed714a6cba8804d00f80f0534901e4c7a3211/springfox-spring-web-2.9.2.jar!/springfox/documentation/spring/web/readers/parameter/ParameterNameReader.class]
?[30m2020-02-25 16:02:48,677?[0;39m ?[39mDEBUG?[0;39m [?[34mTest worker?[0;39m] ?[33morg.springframework.context.annotation.ClassPathScanningCandidateComponentProvider?[0;39m: Identified candidate component class: URL [jar:file:/home/atorres/.gradle/caches/modules-2/files-2.1/io.springfox/springfox-spring-web/2.9.2/ed2ed714a6cba8804d00f80f0534901e4c7a3211/springfox-spring-web-2.9.2.jar!/springfox/documentation/spring/web/readers/parameter/ExpandedParameterBuilder.class]
?[30m2020-02-25 16:02:48,684?[0;39m ?[39mDEBUG?[0;39m [?[34mTest worker?[0;39m] ?[33morg.springframework.context.annotation.ClassPathScanningCandidateComponentProvider?[0;39m: Identified candidate component class: URL [jar:file:/home/atorres/.gradle/caches/modules-2/files-2.1/io.springfox/springfox-spring-web/2.9.2/ed2ed714a6cba8804d00f80f0534901e4c7a3211/springfox-spring-web-2.9.2.jar!/springfox/documentation/spring/web/plugins/DocumentationPluginsBootstrapper.class]
?[30m2020-02-25 16:02:48,686?[0;39m ?[39mDEBUG?[0;39m [?[34mTest worker?[0;39m] ?[33morg.springframework.context.annotation.ClassPathScanningCandidateComponentProvider?[0;39m: Identified candidate component class: URL [jar:file:/home/atorres/.gradle/caches/modules-2/files-2.1/io.springfox/springfox-spring-web/2.9.2/ed2ed714a6cba8804d00f80f0534901e4c7a3211/springfox-spring-web-2.9.2.jar!/springfox/documentation/spring/web/plugins/WebMvcRequestHandlerProvider.class]
?[30m2020-02-25 16:02:48,687?[0;39m ?[39mDEBUG?[0;39m [?[34mTest worker?[0;39m] ?[33morg.springframework.context.annotation.ClassPathScanningCandidateComponentProvider?[0;39m: Identified candidate component class: URL [jar:file:/home/atorres/.gradle/caches/modules-2/files-2.1/io.springfox/springfox-spring-web/2.9.2/ed2ed714a6cba8804d00f80f0534901e4c7a3211/springfox-spring-web-2.9.2.jar!/springfox/documentation/spring/web/plugins/DocumentationPluginsManager.class]
?[30m2020-02-25 16:02:48,691?[0;39m ?[39mDEBUG?[0;39m [?[34mTest worker?[0;39m] ?[33morg.springframework.context.annotation.ClassPathScanningCandidateComponentProvider?[0;39m: Identified candidate component class: URL [jar:file:/home/atorres/.gradle/caches/modules-2/files-2.1/io.springfox/springfox-spring-web/2.9.2/ed2ed714a6cba8804d00f80f0534901e4c7a3211/springfox-spring-web-2.9.2.jar!/springfox/documentation/spring/web/paths/QueryStringUriTemplateDecorator.class]
?[30m2020-02-25 16:02:48,692?[0;39m ?[39mDEBUG?[0;39m [?[34mTest worker?[0;39m] ?[33morg.springframework.context.annotation.ClassPathScanningCandidateComponentProvider?[0;39m: Identified candidate component class: URL [jar:file:/home/atorres/.gradle/caches/modules-2/files-2.1/io.springfox/springfox-spring-web/2.9.2/ed2ed714a6cba8804d00f80f0534901e4c7a3211/springfox-spring-web-2.9.2.jar!/springfox/documentation/spring/web/paths/PathMappingDecorator.class]
?[30m2020-02-25 16:02:48,693?[0;39m ?[39mDEBUG?[0;39m [?[34mTest worker?[0;39m] ?[33morg.springframework.context.annotation.ClassPathScanningCandidateComponentProvider?[0;39m: Identified candidate component class: URL [jar:file:/home/atorres/.gradle/caches/modules-2/files-2.1/io.springfox/springfox-spring-web/2.9.2/ed2ed714a6cba8804d00f80f0534901e4c7a3211/springfox-spring-web-2.9.2.jar!/springfox/documentation/spring/web/paths/PathSanitizer.class]
?[30m2020-02-25 16:02:48,695?[0;39m ?[39mDEBUG?[0;39m [?[34mTest worker?[0;39m] ?[33morg.springframework.context.annotation.ClassPathScanningCandidateComponentProvider?[0;39m: Identified candidate component class: URL [jar:file:/home/atorres/.gradle/caches/modules-2/files-2.1/io.springfox/springfox-spring-web/2.9.2/ed2ed714a6cba8804d00f80f0534901e4c7a3211/springfox-spring-web-2.9.2.jar!/springfox/documentation/spring/web/paths/OperationPathDecorator.class]
?[30m2020-02-25 16:02:48,724?[0;39m ?[39mDEBUG?[0;39m [?[34mTest worker?[0;39m] ?[33morg.springframework.context.annotation.ClassPathScanningCandidateComponentProvider?[0;39m: Identified candidate component class: URL [jar:file:/home/atorres/.gradle/caches/modules-2/files-2.1/io.springfox/springfox-schema/2.9.2/e268f38774b16bb51a92ccaef0dcf3dc651c0cee/springfox-schema-2.9.2.jar!/springfox/documentation/schema/CachingModelDependencyProvider.class]
?[30m2020-02-25 16:02:48,726?[0;39m ?[39mDEBUG?[0;39m [?[34mTest worker?[0;39m] ?[33morg.springframework.context.annotation.ClassPathScanningCandidateComponentProvider?[0;39m: Identified candidate component class: URL [jar:file:/home/atorres/.gradle/caches/modules-2/files-2.1/io.springfox/springfox-schema/2.9.2/e268f38774b16bb51a92ccaef0dcf3dc651c0cee/springfox-schema-2.9.2.jar!/springfox/documentation/schema/TypeNameExtractor.class]
?[30m2020-02-25 16:02:48,727?[0;39m ?[39mDEBUG?[0;39m [?[34mTest worker?[0;39m] ?[33morg.springframework.context.annotation.ClassPathScanningCandidateComponentProvider?[0;39m: Identified candidate component class: URL [jar:file:/home/atorres/.gradle/caches/modules-2/files-2.1/io.springfox/springfox-schema/2.9.2/e268f38774b16bb51a92ccaef0dcf3dc651c0cee/springfox-schema-2.9.2.jar!/springfox/documentation/schema/plugins/PropertyDiscriminatorBasedInheritancePlugin.class]
?[30m2020-02-25 16:02:48,729?[0;39m ?[39mDEBUG?[0;39m [?[34mTest worker?[0;39m] ?[33morg.springframework.context.annotation.ClassPathScanningCandidateComponentProvider?[0;39m: Identified candidate component class: URL [jar:file:/home/atorres/.gradle/caches/modules-2/files-2.1/io.springfox/springfox-schema/2.9.2/e268f38774b16bb51a92ccaef0dcf3dc651c0cee/springfox-schema-2.9.2.jar!/springfox/documentation/schema/plugins/XmlModelPlugin.class]
?[30m2020-02-25 16:02:48,729?[0;39m ?[39mDEBUG?[0;39m [?[34mTest worker?[0;39m] ?[33morg.springframework.context.annotation.ClassPathScanningCandidateComponentProvider?[0;39m: Identified candidate component class: URL [jar:file:/home/atorres/.gradle/caches/modules-2/files-2.1/io.springfox/springfox-schema/2.9.2/e268f38774b16bb51a92ccaef0dcf3dc651c0cee/springfox-schema-2.9.2.jar!/springfox/documentation/schema/plugins/SchemaPluginsManager.class]
?[30m2020-02-25 16:02:48,730?[0;39m ?[39mDEBUG?[0;39m [?[34mTest worker?[0;39m] ?[33morg.springframework.context.annotation.ClassPathScanningCandidateComponentProvider?[0;39m: Identified candidate component class: URL [jar:file:/home/atorres/.gradle/caches/modules-2/files-2.1/io.springfox/springfox-schema/2.9.2/e268f38774b16bb51a92ccaef0dcf3dc651c0cee/springfox-schema-2.9.2.jar!/springfox/documentation/schema/property/CachingModelPropertiesProvider.class]
?[30m2020-02-25 16:02:48,731?[0;39m ?[39mDEBUG?[0;39m [?[34mTest worker?[0;39m] ?[33morg.springframework.context.annotation.ClassPathScanningCandidateComponentProvider?[0;39m: Identified candidate component class: URL [jar:file:/home/atorres/.gradle/caches/modules-2/files-2.1/io.springfox/springfox-schema/2.9.2/e268f38774b16bb51a92ccaef0dcf3dc651c0cee/springfox-schema-2.9.2.jar!/springfox/documentation/schema/property/ObjectMapperBeanPropertyNamingStrategy.class]
?[30m2020-02-25 16:02:48,732?[0;39m ?[39mDEBUG?[0;39m [?[34mTest worker?[0;39m] ?[33morg.springframework.context.annotation.ClassPathScanningCandidateComponentProvider?[0;39m: Identified candidate component class: URL [jar:file:/home/atorres/.gradle/caches/modules-2/files-2.1/io.springfox/springfox-schema/2.9.2/e268f38774b16bb51a92ccaef0dcf3dc651c0cee/springfox-schema-2.9.2.jar!/springfox/documentation/schema/property/bean/AccessorsProvider.class]
?[30m2020-02-25 16:02:48,733?[0;39m ?[39mDEBUG?[0;39m [?[34mTest worker?[0;39m] ?[33morg.springframework.context.annotation.ClassPathScanningCandidateComponentProvider?[0;39m: Identified candidate component class: URL [jar:file:/home/atorres/.gradle/caches/modules-2/files-2.1/io.springfox/springfox-schema/2.9.2/e268f38774b16bb51a92ccaef0dcf3dc651c0cee/springfox-schema-2.9.2.jar!/springfox/documentation/schema/property/field/FieldProvider.class]
?[30m2020-02-25 16:02:48,735?[0;39m ?[39mDEBUG?[0;39m [?[34mTest worker?[0;39m] ?[33morg.springframework.context.annotation.ClassPathScanningCandidateComponentProvider?[0;39m: Identified candidate component class: URL [jar:file:/home/atorres/.gradle/caches/modules-2/files-2.1/io.springfox/springfox-schema/2.9.2/e268f38774b16bb51a92ccaef0dcf3dc651c0cee/springfox-schema-2.9.2.jar!/springfox/documentation/schema/property/XmlPropertyPlugin.class]
?[30m2020-02-25 16:02:48,736?[0;39m ?[39mDEBUG?[0;39m [?[34mTest worker?[0;39m] ?[33morg.springframework.context.annotation.ClassPathScanningCandidateComponentProvider?[0;39m: Identified candidate component class: URL [jar:file:/home/atorres/.gradle/caches/modules-2/files-2.1/io.springfox/springfox-schema/2.9.2/e268f38774b16bb51a92ccaef0dcf3dc651c0cee/springfox-schema-2.9.2.jar!/springfox/documentation/schema/property/OptimizedModelPropertiesProvider.class]
?[30m2020-02-25 16:02:48,737?[0;39m ?[39mDEBUG?[0;39m [?[34mTest worker?[0;39m] ?[33morg.springframework.context.annotation.ClassPathScanningCandidateComponentProvider?[0;39m: Identified candidate component class: URL [jar:file:/home/atorres/.gradle/caches/modules-2/files-2.1/io.springfox/springfox-schema/2.9.2/e268f38774b16bb51a92ccaef0dcf3dc651c0cee/springfox-schema-2.9.2.jar!/springfox/documentation/schema/property/FactoryMethodProvider.class]
?[30m2020-02-25 16:02:48,740?[0;39m ?[39mDEBUG?[0;39m [?[34mTest worker?[0;39m] ?[33morg.springframework.context.annotation.ClassPathScanningCandidateComponentProvider?[0;39m: Identified candidate component class: URL [jar:file:/home/atorres/.gradle/caches/modules-2/files-2.1/io.springfox/springfox-schema/2.9.2/e268f38774b16bb51a92ccaef0dcf3dc651c0cee/springfox-schema-2.9.2.jar!/springfox/documentation/schema/CachingModelProvider.class]
?[30m2020-02-25 16:02:48,741?[0;39m ?[39mDEBUG?[0;39m [?[34mTest worker?[0;39m] ?[33morg.springframework.context.annotation.ClassPathScanningCandidateComponentProvider?[0;39m: Identified candidate component class: URL [jar:file:/home/atorres/.gradle/caches/modules-2/files-2.1/io.springfox/springfox-schema/2.9.2/e268f38774b16bb51a92ccaef0dcf3dc651c0cee/springfox-schema-2.9.2.jar!/springfox/documentation/schema/DefaultModelDependencyProvider.class]
?[30m2020-02-25 16:02:48,742?[0;39m ?[39mDEBUG?[0;39m [?[34mTest worker?[0;39m] ?[33morg.springframework.context.annotation.ClassPathScanningCandidateComponentProvider?[0;39m: Identified candidate component class: URL [jar:file:/home/atorres/.gradle/caches/modules-2/files-2.1/io.springfox/springfox-schema/2.9.2/e268f38774b16bb51a92ccaef0dcf3dc651c0cee/springfox-schema-2.9.2.jar!/springfox/documentation/schema/JacksonEnumTypeDeterminer.class]
?[30m2020-02-25 16:02:48,743?[0;39m ?[39mDEBUG?[0;39m [?[34mTest worker?[0;39m] ?[33morg.springframework.context.annotation.ClassPathScanningCandidateComponentProvider?[0;39m: Identified candidate component class: URL [jar:file:/home/atorres/.gradle/caches/modules-2/files-2.1/io.springfox/springfox-schema/2.9.2/e268f38774b16bb51a92ccaef0dcf3dc651c0cee/springfox-schema-2.9.2.jar!/springfox/documentation/schema/DefaultModelProvider.class]
?[30m2020-02-25 16:02:48,759?[0;39m ?[39mDEBUG?[0;39m [?[34mTest worker?[0;39m] ?[33morg.springframework.context.annotation.ClassPathScanningCandidateComponentProvider?[0;39m: Identified candidate component class: URL [jar:file:/home/atorres/.gradle/caches/modules-2/files-2.1/io.springfox/springfox-swagger-common/2.9.2/b38a41b3044af80cb7f41f67be5d158c9f6491ec/springfox-swagger-common-2.9.2.jar!/springfox/documentation/swagger/schema/ApiModelPropertyPropertyBuilder.class]
?[30m2020-02-25 16:02:48,760?[0;39m ?[39mDEBUG?[0;39m [?[34mTest worker?[0;39m] ?[33morg.springframework.context.annotation.ClassPathScanningCandidateComponentProvider?[0;39m: Identified candidate component class: URL [jar:file:/home/atorres/.gradle/caches/modules-2/files-2.1/io.springfox/springfox-swagger-common/2.9.2/b38a41b3044af80cb7f41f67be5d158c9f6491ec/springfox-swagger-common-2.9.2.jar!/springfox/documentation/swagger/schema/ApiModelTypeNameProvider.class]
?[30m2020-02-25 16:02:48,760?[0;39m ?[39mDEBUG?[0;39m [?[34mTest worker?[0;39m] ?[33morg.springframework.context.annotation.ClassPathScanningCandidateComponentProvider?[0;39m: Identified candidate component class: URL [jar:file:/home/atorres/.gradle/caches/modules-2/files-2.1/io.springfox/springfox-swagger-common/2.9.2/b38a41b3044af80cb7f41f67be5d158c9f6491ec/springfox-swagger-common-2.9.2.jar!/springfox/documentation/swagger/schema/ApiModelBuilder.class]
?[30m2020-02-25 16:02:48,763?[0;39m ?[39mDEBUG?[0;39m [?[34mTest worker?[0;39m] ?[33morg.springframework.context.annotation.ClassPathScanningCandidateComponentProvider?[0;39m: Identified candidate component class: URL [jar:file:/home/atorres/.gradle/caches/modules-2/files-2.1/io.springfox/springfox-swagger-common/2.9.2/b38a41b3044af80cb7f41f67be5d158c9f6491ec/springfox-swagger-common-2.9.2.jar!/springfox/documentation/swagger/readers/operation/OperationImplicitParameterReader.class]
?[30m2020-02-25 16:02:48,764?[0;39m ?[39mDEBUG?[0;39m [?[34mTest worker?[0;39m] ?[33morg.springframework.context.annotation.ClassPathScanningCandidateComponentProvider?[0;39m: Identified candidate component class: URL [jar:file:/home/atorres/.gradle/caches/modules-2/files-2.1/io.springfox/springfox-swagger-common/2.9.2/b38a41b3044af80cb7f41f67be5d158c9f6491ec/springfox-swagger-common-2.9.2.jar!/springfox/documentation/swagger/readers/operation/VendorExtensionsReader.class]
?[30m2020-02-25 16:02:48,764?[0;39m ?[39mDEBUG?[0;39m [?[34mTest worker?[0;39m] ?[33morg.springframework.context.annotation.ClassPathScanningCandidateComponentProvider?[0;39m: Identified candidate component class: URL [jar:file:/home/atorres/.gradle/caches/modules-2/files-2.1/io.springfox/springfox-swagger-common/2.9.2/b38a41b3044af80cb7f41f67be5d158c9f6491ec/springfox-swagger-common-2.9.2.jar!/springfox/documentation/swagger/readers/operation/SwaggerOperationResponseClassReader.class]
?[30m2020-02-25 16:02:48,765?[0;39m ?[39mDEBUG?[0;39m [?[34mTest worker?[0;39m] ?[33morg.springframework.context.annotation.ClassPathScanningCandidateComponentProvider?[0;39m: Identified candidate component class: URL [jar:file:/home/atorres/.gradle/caches/modules-2/files-2.1/io.springfox/springfox-swagger-common/2.9.2/b38a41b3044af80cb7f41f67be5d158c9f6491ec/springfox-swagger-common-2.9.2.jar!/springfox/documentation/swagger/readers/operation/SwaggerOperationModelsProvider.class]
?[30m2020-02-25 16:02:48,766?[0;39m ?[39mDEBUG?[0;39m [?[34mTest worker?[0;39m] ?[33morg.springframework.context.annotation.ClassPathScanningCandidateComponentProvider?[0;39m: Identified candidate component class: URL [jar:file:/home/atorres/.gradle/caches/modules-2/files-2.1/io.springfox/springfox-swagger-common/2.9.2/b38a41b3044af80cb7f41f67be5d158c9f6491ec/springfox-swagger-common-2.9.2.jar!/springfox/documentation/swagger/readers/operation/SwaggerMediaTypeReader.class]
?[30m2020-02-25 16:02:48,767?[0;39m ?[39mDEBUG?[0;39m [?[34mTest worker?[0;39m] ?[33morg.springframework.context.annotation.ClassPathScanningCandidateComponentProvider?[0;39m: Identified candidate component class: URL [jar:file:/home/atorres/.gradle/caches/modules-2/files-2.1/io.springfox/springfox-swagger-common/2.9.2/b38a41b3044af80cb7f41f67be5d158c9f6491ec/springfox-swagger-common-2.9.2.jar!/springfox/documentation/swagger/readers/operation/OperationHttpMethodReader.class]
?[30m2020-02-25 16:02:48,768?[0;39m ?[39mDEBUG?[0;39m [?[34mTest worker?[0;39m] ?[33morg.springframework.context.annotation.ClassPathScanningCandidateComponentProvider?[0;39m: Identified candidate component class: URL [jar:file:/home/atorres/.gradle/caches/modules-2/files-2.1/io.springfox/springfox-swagger-common/2.9.2/b38a41b3044af80cb7f41f67be5d158c9f6491ec/springfox-swagger-common-2.9.2.jar!/springfox/documentation/swagger/readers/operation/OperationImplicitParametersReader.class]
?[30m2020-02-25 16:02:48,769?[0;39m ?[39mDEBUG?[0;39m [?[34mTest worker?[0;39m] ?[33morg.springframework.context.annotation.ClassPathScanningCandidateComponentProvider?[0;39m: Identified candidate component class: URL [jar:file:/home/atorres/.gradle/caches/modules-2/files-2.1/io.springfox/springfox-swagger-common/2.9.2/b38a41b3044af80cb7f41f67be5d158c9f6491ec/springfox-swagger-common-2.9.2.jar!/springfox/documentation/swagger/readers/operation/OperationAuthReader.class]
?[30m2020-02-25 16:02:48,769?[0;39m ?[39mDEBUG?[0;39m [?[34mTest worker?[0;39m] ?[33morg.springframework.context.annotation.ClassPathScanningCandidateComponentProvider?[0;39m: Identified candidate component class: URL [jar:file:/home/atorres/.gradle/caches/modules-2/files-2.1/io.springfox/springfox-swagger-common/2.9.2/b38a41b3044af80cb7f41f67be5d158c9f6491ec/springfox-swagger-common-2.9.2.jar!/springfox/documentation/swagger/readers/operation/OperationHiddenReader.class]
?[30m2020-02-25 16:02:48,770?[0;39m ?[39mDEBUG?[0;39m [?[34mTest worker?[0;39m] ?[33morg.springframework.context.annotation.ClassPathScanningCandidateComponentProvider?[0;39m: Identified candidate component class: URL [jar:file:/home/atorres/.gradle/caches/modules-2/files-2.1/io.springfox/springfox-swagger-common/2.9.2/b38a41b3044af80cb7f41f67be5d158c9f6491ec/springfox-swagger-common-2.9.2.jar!/springfox/documentation/swagger/readers/operation/OperationSummaryReader.class]
?[30m2020-02-25 16:02:48,771?[0;39m ?[39mDEBUG?[0;39m [?[34mTest worker?[0;39m] ?[33morg.springframework.context.annotation.ClassPathScanningCandidateComponentProvider?[0;39m: Identified candidate component class: URL [jar:file:/home/atorres/.gradle/caches/modules-2/files-2.1/io.springfox/springfox-swagger-common/2.9.2/b38a41b3044af80cb7f41f67be5d158c9f6491ec/springfox-swagger-common-2.9.2.jar!/springfox/documentation/swagger/readers/operation/SwaggerResponseMessageReader.class]
?[30m2020-02-25 16:02:48,771?[0;39m ?[39mDEBUG?[0;39m [?[34mTest worker?[0;39m] ?[33morg.springframework.context.annotation.ClassPathScanningCandidateComponentProvider?[0;39m: Identified candidate component class: URL [jar:file:/home/atorres/.gradle/caches/modules-2/files-2.1/io.springfox/springfox-swagger-common/2.9.2/b38a41b3044af80cb7f41f67be5d158c9f6491ec/springfox-swagger-common-2.9.2.jar!/springfox/documentation/swagger/readers/operation/OperationNicknameIntoUniqueIdReader.class]
?[30m2020-02-25 16:02:48,772?[0;39m ?[39mDEBUG?[0;39m [?[34mTest worker?[0;39m] ?[33morg.springframework.context.annotation.ClassPathScanningCandidateComponentProvider?[0;39m: Identified candidate component class: URL [jar:file:/home/atorres/.gradle/caches/modules-2/files-2.1/io.springfox/springfox-swagger-common/2.9.2/b38a41b3044af80cb7f41f67be5d158c9f6491ec/springfox-swagger-common-2.9.2.jar!/springfox/documentation/swagger/readers/operation/OperationPositionReader.class]
?[30m2020-02-25 16:02:48,772?[0;39m ?[39mDEBUG?[0;39m [?[34mTest worker?[0;39m] ?[33morg.springframework.context.annotation.ClassPathScanningCandidateComponentProvider?[0;39m: Identified candidate component class: URL [jar:file:/home/atorres/.gradle/caches/modules-2/files-2.1/io.springfox/springfox-swagger-common/2.9.2/b38a41b3044af80cb7f41f67be5d158c9f6491ec/springfox-swagger-common-2.9.2.jar!/springfox/documentation/swagger/readers/operation/OperationNotesReader.class]
?[30m2020-02-25 16:02:48,773?[0;39m ?[39mDEBUG?[0;39m [?[34mTest worker?[0;39m] ?[33morg.springframework.context.annotation.ClassPathScanningCandidateComponentProvider?[0;39m: Identified candidate component class: URL [jar:file:/home/atorres/.gradle/caches/modules-2/files-2.1/io.springfox/springfox-swagger-common/2.9.2/b38a41b3044af80cb7f41f67be5d158c9f6491ec/springfox-swagger-common-2.9.2.jar!/springfox/documentation/swagger/readers/operation/SwaggerOperationTagsReader.class]
?[30m2020-02-25 16:02:48,773?[0;39m ?[39mDEBUG?[0;39m [?[34mTest worker?[0;39m] ?[33morg.springframework.context.annotation.ClassPathScanningCandidateComponentProvider?[0;39m: Identified candidate component class: URL [jar:file:/home/atorres/.gradle/caches/modules-2/files-2.1/io.springfox/springfox-swagger-common/2.9.2/b38a41b3044af80cb7f41f67be5d158c9f6491ec/springfox-swagger-common-2.9.2.jar!/springfox/documentation/swagger/readers/parameter/ApiParamParameterBuilder.class]
?[30m2020-02-25 16:02:48,774?[0;39m ?[39mDEBUG?[0;39m [?[34mTest worker?[0;39m] ?[33morg.springframework.context.annotation.ClassPathScanningCandidateComponentProvider?[0;39m: Identified candidate component class: URL [jar:file:/home/atorres/.gradle/caches/modules-2/files-2.1/io.springfox/springfox-swagger-common/2.9.2/b38a41b3044af80cb7f41f67be5d158c9f6491ec/springfox-swagger-common-2.9.2.jar!/springfox/documentation/swagger/readers/parameter/SwaggerExpandedParameterBuilder.class]
?[30m2020-02-25 16:02:48,783?[0;39m ?[39mDEBUG?[0;39m [?[34mTest worker?[0;39m] ?[33morg.springframework.context.annotation.ClassPathScanningCandidateComponentProvider?[0;39m: Identified candidate component class: URL [jar:file:/home/atorres/.gradle/caches/modules-2/files-2.1/io.springfox/springfox-swagger-common/2.9.2/b38a41b3044af80cb7f41f67be5d158c9f6491ec/springfox-swagger-common-2.9.2.jar!/springfox/documentation/swagger/web/SwaggerApiListingReader.class]
?[30m2020-02-25 16:02:48,784?[0;39m ?[39mDEBUG?[0;39m [?[34mTest worker?[0;39m] ?[33morg.springframework.context.annotation.ClassPathScanningCandidateComponentProvider?[0;39m: Identified candidate component class: URL [jar:file:/home/atorres/.gradle/caches/modules-2/files-2.1/io.springfox/springfox-swagger-common/2.9.2/b38a41b3044af80cb7f41f67be5d158c9f6491ec/springfox-swagger-common-2.9.2.jar!/springfox/documentation/swagger/web/ClassOrApiAnnotationResourceGrouping.class]
?[30m2020-02-25 16:02:48,785?[0;39m ?[39mDEBUG?[0;39m [?[34mTest worker?[0;39m] ?[33morg.springframework.context.annotation.ClassPathScanningCandidateComponentProvider?[0;39m: Identified candidate component class: URL [jar:file:/home/atorres/.gradle/caches/modules-2/files-2.1/io.springfox/springfox-swagger-common/2.9.2/b38a41b3044af80cb7f41f67be5d158c9f6491ec/springfox-swagger-common-2.9.2.jar!/springfox/documentation/swagger/web/InMemorySwaggerResourcesProvider.class]
?[30m2020-02-25 16:02:48,787?[0;39m ?[39mDEBUG?[0;39m [?[34mTest worker?[0;39m] ?[33morg.springframework.context.annotation.ClassPathScanningCandidateComponentProvider?[0;39m: Identified candidate component class: URL [jar:file:/home/atorres/.gradle/caches/modules-2/files-2.1/io.springfox/springfox-swagger-common/2.9.2/b38a41b3044af80cb7f41f67be5d158c9f6491ec/springfox-swagger-common-2.9.2.jar!/springfox/documentation/swagger/web/ApiResourceController.class]
?[30m2020-02-25 16:02:48,928?[0;39m ?[39mDEBUG?[0;39m [?[34mTest worker?[0;39m] ?[33morg.springframework.core.env.PropertySourcesPropertyResolver?[0;39m: Found key 'spring.jmx.enabled' in PropertySource 'configurationProperties' with value of type String
?[30m2020-02-25 16:02:49,203?[0;39m ?[39mDEBUG?[0;39m [?[34mTest worker?[0;39m] ?[33morg.springframework.beans.factory.support.DefaultSingletonBeanRegistry?[0;39m: Creating shared instance of singleton bean 'propertySourcesPlaceholderConfigurer'
?[30m2020-02-25 16:02:49,210?[0;39m ?[39mDEBUG?[0;39m [?[34mTest worker?[0;39m] ?[33morg.springframework.beans.factory.support.DefaultSingletonBeanRegistry?[0;39m: Creating shared instance of singleton bean 'org.springframework.boot.test.mock.mockito.MockitoPostProcessor'
?[30m2020-02-25 16:02:49,217?[0;39m ?[39mDEBUG?[0;39m [?[34mTest worker?[0;39m] ?[33morg.springframework.beans.factory.support.DefaultSingletonBeanRegistry?[0;39m: Creating shared instance of singleton bean 'org.springframework.boot.context.properties.ConfigurationPropertiesBeanDefinitionValidator'
?[30m2020-02-25 16:02:49,292?[0;39m ?[39mDEBUG?[0;39m [?[34mTest worker?[0;39m] ?[33morg.springframework.beans.factory.support.DefaultSingletonBeanRegistry?[0;39m: Creating shared instance of singleton bean 'org.springframework.context.event.internalEventListenerProcessor'
?[30m2020-02-25 16:02:49,293?[0;39m ?[39mDEBUG?[0;39m [?[34mTest worker?[0;39m] ?[33morg.springframework.beans.factory.support.DefaultSingletonBeanRegistry?[0;39m: Creating shared instance of singleton bean 'preserveErrorControllerTargetClassPostProcessor'
?[30m2020-02-25 16:02:49,294?[0;39m ?[39mDEBUG?[0;39m [?[34mTest worker?[0;39m] ?[33morg.springframework.beans.factory.support.DefaultSingletonBeanRegistry?[0;39m: Creating shared instance of singleton bean 'org.springframework.context.event.internalEventListenerFactory'
?[30m2020-02-25 16:02:49,298?[0;39m ?[39mDEBUG?[0;39m [?[34mTest worker?[0;39m] ?[33morg.springframework.beans.factory.support.DefaultSingletonBeanRegistry?[0;39m: Creating shared instance of singleton bean 'org.springframework.boot.test.mock.mockito.MockitoPostProcessor$SpyPostProcessor'
?[30m2020-02-25 16:02:49,300?[0;39m ?[39mDEBUG?[0;39m [?[34mTest worker?[0;39m] ?[33morg.springframework.beans.factory.support.DefaultSingletonBeanRegistry?[0;39m: Creating shared instance of singleton bean 'org.springframework.context.annotation.internalAutowiredAnnotationProcessor'
?[30m2020-02-25 16:02:49,301?[0;39m ?[39mDEBUG?[0;39m [?[34mTest worker?[0;39m] ?[33morg.springframework.beans.factory.support.DefaultSingletonBeanRegistry?[0;39m: Creating shared instance of singleton bean 'org.springframework.context.annotation.internalCommonAnnotationProcessor'
?[30m2020-02-25 16:02:49,303?[0;39m ?[39mDEBUG?[0;39m [?[34mTest worker?[0;39m] ?[33morg.springframework.beans.factory.support.DefaultSingletonBeanRegistry?[0;39m: Creating shared instance of singleton bean 'org.springframework.boot.context.properties.ConfigurationPropertiesBindingPostProcessor'
?[30m2020-02-25 16:02:49,304?[0;39m ?[39mDEBUG?[0;39m [?[34mTest worker?[0;39m] ?[33morg.springframework.beans.factory.support.DefaultSingletonBeanRegistry?[0;39m: Creating shared instance of singleton bean 'org.springframework.boot.context.internalConfigurationPropertiesBinder'
?[30m2020-02-25 16:02:49,304?[0;39m ?[39mDEBUG?[0;39m [?[34mTest worker?[0;39m] ?[33morg.springframework.beans.factory.support.DefaultSingletonBeanRegistry?[0;39m: Creating shared instance of singleton bean 'org.springframework.boot.context.internalConfigurationPropertiesBinderFactory'
?[30m2020-02-25 16:02:49,307?[0;39m ?[39mDEBUG?[0;39m [?[34mTest worker?[0;39m] ?[33morg.springframework.beans.factory.support.DefaultSingletonBeanRegistry?[0;39m: Creating shared instance of singleton bean 'methodValidationPostProcessor'
?[30m2020-02-25 16:02:49,319?[0;39m ?[39mDEBUG?[0;39m [?[34mTest worker?[0;39m] ?[33morg.springframework.beans.factory.support.ConstructorResolver?[0;39m: Autowiring by type from bean name 'methodValidationPostProcessor' via factory method to bean named 'environment'
?[30m2020-02-25 16:02:49,334?[0;39m ?[39mDEBUG?[0;39m [?[34mTest worker?[0;39m] ?[33morg.springframework.beans.factory.support.DefaultSingletonBeanRegistry?[0;39m: Creating shared instance of singleton bean 'objectMapperConfigurer'
?[30m2020-02-25 16:02:49,338?[0;39m ?[39mDEBUG?[0;39m [?[34mTest worker?[0;39m] ?[33morg.springframework.beans.factory.support.DefaultSingletonBeanRegistry?[0;39m: Creating shared instance of singleton bean 'webServerFactoryCustomizerBeanPostProcessor'
?[30m2020-02-25 16:02:49,340?[0;39m ?[39mDEBUG?[0;39m [?[34mTest worker?[0;39m] ?[33morg.springframework.beans.factory.support.DefaultSingletonBeanRegistry?[0;39m: Creating shared instance of singleton bean 'errorPageRegistrarBeanPostProcessor'
?[30m2020-02-25 16:02:49,344?[0;39m ?[39mDEBUG?[0;39m [?[34mTest worker?[0;39m] ?[33morg.springframework.ui.context.support.UiApplicationContextUtils?[0;39m: Unable to locate ThemeSource with name 'themeSource': using default [org.springframework.ui.context.support.ResourceBundleThemeSource@45d4f713]
?[30m2020-02-25 16:02:49,346?[0;39m ?[39mDEBUG?[0;39m [?[34mTest worker?[0;39m] ?[33morg.springframework.beans.factory.support.DefaultSingletonBeanRegistry?[0;39m: Creating shared instance of singleton bean 'entrevistaApplication'
?[30m2020-02-25 16:02:49,350?[0;39m ?[39mDEBUG?[0;39m [?[34mTest worker?[0;39m] ?[33morg.springframework.beans.factory.support.DefaultSingletonBeanRegistry?[0;39m: Creating shared instance of singleton bean 'ConnectionDB'
?[30m2020-02-25 16:02:49,361?[0;39m ?[39mDEBUG?[0;39m [?[34mTest worker?[0;39m] ?[33morg.springframework.beans.factory.support.DefaultSingletonBeanRegistry?[0;39m: Creating shared instance of singleton bean 'swaggerConfiguration'
?[30m2020-02-25 16:02:49,364?[0;39m ?[39mDEBUG?[0;39m [?[34mTest worker?[0;39m] ?[33morg.springframework.beans.factory.support.DefaultSingletonBeanRegistry?[0;39m: Creating shared instance of singleton bean 'clientController'
?[30m2020-02-25 16:02:49,368?[0;39m ?[39mDEBUG?[0;39m [?[34mTest worker?[0;39m] ?[33morg.springframework.beans.factory.support.DefaultSingletonBeanRegistry?[0;39m: Creating shared instance of singleton bean 'clientServices'
?[30m2020-02-25 16:02:49,369?[0;39m ?[34mINFO ?[0;39m [?[34mTest worker?[0;39m] ?[33morg.springframework.beans.factory.annotation.AutowiredAnnotationBeanPostProcessor?[0;39m: Autowired annotation is not supported on static fields: private static java.sql.Connection com.intercorp.entrevista.Services.ClientServices.connection
?[30m2020-02-25 16:02:49,369?[0;39m ?[34mINFO ?[0;39m [?[34mTest worker?[0;39m] ?[33morg.springframework.beans.factory.annotation.AutowiredAnnotationBeanPostProcessor?[0;39m: Autowired annotation is not supported on static fields: private static java.sql.PreparedStatement com.intercorp.entrevista.Services.ClientServices.preparedStatement
?[30m2020-02-25 16:02:49,370?[0;39m ?[34mINFO ?[0;39m [?[34mTest worker?[0;39m] ?[33morg.springframework.beans.factory.annotation.AutowiredAnnotationBeanPostProcessor?[0;39m: Autowired annotation is not supported on static fields: private static java.sql.Connection com.intercorp.entrevista.Services.ClientServices.connection
?[30m2020-02-25 16:02:49,371?[0;39m ?[34mINFO ?[0;39m [?[34mTest worker?[0;39m] ?[33morg.springframework.beans.factory.annotation.AutowiredAnnotationBeanPostProcessor?[0;39m: Autowired annotation is not supported on static fields: private static java.sql.PreparedStatement com.intercorp.entrevista.Services.ClientServices.preparedStatement
?[30m2020-02-25 16:02:49,371?[0;39m ?[39mDEBUG?[0;39m [?[34mTest worker?[0;39m] ?[33morg.springframework.beans.factory.support.DefaultSingletonBeanRegistry?[0;39m: Creating shared instance of singleton bean 'serviceModelToSwagger2MapperImpl'
?[30m2020-02-25 16:02:49,378?[0;39m ?[39mDEBUG?[0;39m [?[34mTest worker?[0;39m] ?[33morg.springframework.beans.factory.support.DefaultSingletonBeanRegistry?[0;39m: Creating shared instance of singleton bean 'modelMapperImpl'
?[30m2020-02-25 16:02:49,383?[0;39m ?[39mDEBUG?[0;39m [?[34mTest worker?[0;39m] ?[33morg.springframework.beans.factory.support.DefaultSingletonBeanRegistry?[0;39m: Creating shared instance of singleton bean 'parameterMapperImpl'
?[30m2020-02-25 16:02:49,386?[0;39m ?[39mDEBUG?[0;39m [?[34mTest worker?[0;39m] ?[33morg.springframework.beans.factory.support.DefaultSingletonBeanRegistry?[0;39m: Creating shared instance of singleton bean 'securityMapperImpl'
?[30m2020-02-25 16:02:49,399?[0;39m ?[39mDEBUG?[0;39m [?[34mTest worker?[0;39m] ?[33morg.springframework.beans.factory.support.DefaultSingletonBeanRegistry?[0;39m: Creating shared instance of singleton bean 'licenseMapperImpl'
?[30m2020-02-25 16:02:49,403?[0;39m ?[39mDEBUG?[0;39m [?[34mTest worker?[0;39m] ?[33morg.springframework.beans.factory.support.DefaultSingletonBeanRegistry?[0;39m: Creating shared instance of singleton bean 'vendorExtensionsMapperImpl'
?[30m2020-02-25 16:02:49,406?[0;39m ?[39mDEBUG?[0;39m [?[34mTest worker?[0;39m] ?[33morg.springframework.beans.factory.support.DefaultSingletonBeanRegistry?[0;39m: Creating shared instance of singleton bean 'apiListingReferenceScanner'
?[30m2020-02-25 16:02:49,408?[0;39m ?[39mDEBUG?[0;39m [?[34mTest worker?[0;39m] ?[33morg.springframework.beans.factory.support.DefaultSingletonBeanRegistry?[0;39m: Creating shared instance of singleton bean 'apiDocumentationScanner'
?[30m2020-02-25 16:02:49,411?[0;39m ?[39mDEBUG?[0;39m [?[34mTest worker?[0;39m] ?[33morg.springframework.beans.factory.support.DefaultSingletonBeanRegistry?[0;39m: Creating shared instance of singleton bean 'apiListingScanner'
?[30m2020-02-25 16:02:49,413?[0;39m ?[39mDEBUG?[0;39m [?[34mTest worker?[0;39m] ?[33morg.springframework.beans.factory.support.DefaultSingletonBeanRegistry?[0;39m: Creating shared instance of singleton bean 'apiDescriptionReader'
?[30m2020-02-25 16:02:49,418?[0;39m ?[39mDEBUG?[0;39m [?[34mTest worker?[0;39m] ?[33morg.springframework.beans.factory.support.DefaultSingletonBeanRegistry?[0;39m: Creating shared instance of singleton bean 'cachingOperationReader'
?[30m2020-02-25 16:02:49,419?[0;39m ?[39mDEBUG?[0;39m [?[34mTest worker?[0;39m] ?[33morg.springframework.beans.factory.support.DefaultSingletonBeanRegistry?[0;39m: Creating shared instance of singleton bean 'apiOperationReader'
?[30m2020-02-25 16:02:49,421?[0;39m ?[39mDEBUG?[0;39m [?[34mTest worker?[0;39m] ?[33morg.springframework.beans.factory.support.DefaultSingletonBeanRegistry?[0;39m: Creating shared instance of singleton bean 'documentationPluginsManager'
?[30m2020-02-25 16:02:49,427?[0;39m ?[39mDEBUG?[0;39m [?[34mTest worker?[0;39m] ?[33morg.springframework.beans.factory.support.DefaultSingletonBeanRegistry?[0;39m: Creating shared instance of singleton bean 'documentationPluginRegistry'
?[30m2020-02-25 16:02:49,439?[0;39m ?[39mDEBUG?[0;39m [?[34mTest worker?[0;39m] ?[33morg.springframework.beans.factory.support.DefaultSingletonBeanRegistry?[0;39m: Creating shared instance of singleton bean 'apiListingBuilderPluginRegistry'
?[30m2020-02-25 16:02:49,441?[0;39m ?[39mDEBUG?[0;39m [?[34mTest worker?[0;39m] ?[33morg.springframework.beans.factory.support.DefaultSingletonBeanRegistry?[0;39m: Creating shared instance of singleton bean 'parameterBuilderPluginRegistry'
?[30m2020-02-25 16:02:49,442?[0;39m ?[39mDEBUG?[0;39m [?[34mTest worker?[0;39m] ?[33morg.springframework.beans.factory.support.DefaultSingletonBeanRegistry?[0;39m: Creating shared instance of singleton bean 'expandedParameterBuilderPluginRegistry'
?[30m2020-02-25 16:02:49,444?[0;39m ?[39mDEBUG?[0;39m [?[34mTest worker?[0;39m] ?[33morg.springframework.beans.factory.support.DefaultSingletonBeanRegistry?[0;39m: Creating shared instance of singleton bean 'operationBuilderPluginRegistry'
?[30m2020-02-25 16:02:49,446?[0;39m ?[39mDEBUG?[0;39m [?[34mTest worker?[0;39m] ?[33morg.springframework.beans.factory.support.DefaultSingletonBeanRegistry?[0;39m: Creating shared instance of singleton bean 'resourceGroupingStrategyRegistry'
?[30m2020-02-25 16:02:49,449?[0;39m ?[39mDEBUG?[0;39m [?[34mTest worker?[0;39m] ?[33morg.springframework.beans.factory.support.DefaultSingletonBeanRegistry?[0;39m: Creating shared instance of singleton bean 'operationModelsProviderPluginRegistry'
?[30m2020-02-25 16:02:49,451?[0;39m ?[39mDEBUG?[0;39m [?[34mTest worker?[0;39m] ?[33morg.springframework.beans.factory.support.DefaultSingletonBeanRegistry?[0;39m: Creating shared instance of singleton bean 'defaultsProviderPluginRegistry'
?[30m2020-02-25 16:02:49,453?[0;39m ?[39mDEBUG?[0;39m [?[34mTest worker?[0;39m] ?[33morg.springframework.beans.factory.support.DefaultSingletonBeanRegistry?[0;39m: Creating shared instance of singleton bean 'pathDecoratorRegistry'
?[30m2020-02-25 16:02:49,456?[0;39m ?[39mDEBUG?[0;39m [?[34mTest worker?[0;39m] ?[33morg.springframework.beans.factory.support.DefaultSingletonBeanRegistry?[0;39m: Creating shared instance of singleton bean 'apiListingScannerPluginRegistry'
?[30m2020-02-25 16:02:49,457?[0;39m ?[39mDEBUG?[0;39m [?[34mTest worker?[0;39m] ?[33morg.springframework.beans.factory.support.DefaultSingletonBeanRegistry?[0;39m: Creating shared instance of singleton bean 'cachingOperationNameGenerator'
[...]
?[30m2020-02-25 16:02:50,869?[0;39m ?[39mDEBUG?[0;39m [?[34mTest worker?[0;39m] ?[33morg.springframework.test.context.cache.DefaultContextCache?[0;39m: Spring test ApplicationContext cache statistics: [DefaultContextCache@72d77e59 size = 1, maxSize = 32, parentContextCount = 0, hitCount = 4, missCount = 1]
?[30m2020-02-25 16:02:50,871?[0;39m ?[39mDEBUG?[0;39m [?[34mTest worker?[0;39m] ?[33morg.springframework.test.context.cache.DefaultCacheAwareContextLoaderDelegate?[0;39m: Retrieved ApplicationContext [81825652] from cache with key [[WebMergedContextConfiguration@c8fa79a testClass = EntrevistaApplicationTests, locations = '{}', classes = '{class com.intercorp.entrevista.EntrevistaApplication}', contextInitializerClasses = '[]', activeProfiles = '{}', propertySourceLocations = '{}', propertySourceProperties = '{org.springframework.boot.test.context.SpringBootTestContextBootstrapper=true}', contextCustomizers = set[org.springframework.boot.test.autoconfigure.properties.PropertyMappingContextCustomizer@0, org.springframework.boot.test.autoconfigure.web.servlet.WebDriverContextCustomizerFactory$Customizer@9b06670, org.springframework.boot.test.context.filter.ExcludeFilterContextCustomizer@2649799c, org.springframework.boot.test.json.DuplicateJsonObjectContextCustomizerFactory$DuplicateJsonObjectContextCustomizer@46522213, org.springframework.boot.test.mock.mockito.MockitoContextCustomizer@0, org.springframework.boot.test.web.client.TestRestTemplateContextCustomizer@5921f076], resourceBasePath = 'src/main/webapp', contextLoader = 'org.springframework.boot.test.context.SpringBootContextLoader', parent = [null]]]
?[30m2020-02-25 16:02:50,871?[0;39m ?[39mDEBUG?[0;39m [?[34mTest worker?[0;39m] ?[33morg.springframework.test.context.cache.DefaultContextCache?[0;39m: Spring test ApplicationContext cache statistics: [DefaultContextCache@72d77e59 size = 1, maxSize = 32, parentContextCount = 0, hitCount = 5, missCount = 1]
?[30m2020-02-25 16:02:50,872?[0;39m ?[39mDEBUG?[0;39m [?[34mTest worker?[0;39m] ?[33morg.springframework.test.context.cache.DefaultCacheAwareContextLoaderDelegate?[0;39m: Retrieved ApplicationContext [81825652] from cache with key [[WebMergedContextConfiguration@c8fa79a testClass = EntrevistaApplicationTests, locations = '{}', classes = '{class com.intercorp.entrevista.EntrevistaApplication}', contextInitializerClasses = '[]', activeProfiles = '{}', propertySourceLocations = '{}', propertySourceProperties = '{org.springframework.boot.test.context.SpringBootTestContextBootstrapper=true}', contextCustomizers = set[org.springframework.boot.test.autoconfigure.properties.PropertyMappingContextCustomizer@0, org.springframework.boot.test.autoconfigure.web.servlet.WebDriverContextCustomizerFactory$Customizer@9b06670, org.springframework.boot.test.context.filter.ExcludeFilterContextCustomizer@2649799c, org.springframework.boot.test.json.DuplicateJsonObjectContextCustomizerFactory$DuplicateJsonObjectContextCustomizer@46522213, org.springframework.boot.test.mock.mockito.MockitoContextCustomizer@0, org.springframework.boot.test.web.client.TestRestTemplateContextCustomizer@5921f076], resourceBasePath = 'src/main/webapp', contextLoader = 'org.springframework.boot.test.context.SpringBootContextLoader', parent = [null]]]
?[30m2020-02-25 16:02:50,872?[0;39m ?[39mDEBUG?[0;39m [?[34mTest worker?[0;39m] ?[33morg.springframework.test.context.cache.DefaultContextCache?[0;39m: Spring test ApplicationContext cache statistics: [DefaultContextCache@72d77e59 size = 1, maxSize = 32, parentContextCount = 0, hitCount = 6, missCount = 1]
?[30m2020-02-25 16:02:50,873?[0;39m ?[39mDEBUG?[0;39m [?[34mTest worker?[0;39m] ?[33morg.springframework.test.context.cache.DefaultCacheAwareContextLoaderDelegate?[0;39m: Retrieved ApplicationContext [81825652] from cache with key [[WebMergedContextConfiguration@c8fa79a testClass = EntrevistaApplicationTests, locations = '{}', classes = '{class com.intercorp.entrevista.EntrevistaApplication}', contextInitializerClasses = '[]', activeProfiles = '{}', propertySourceLocations = '{}', propertySourceProperties = '{org.springframework.boot.test.context.SpringBootTestContextBootstrapper=true}', contextCustomizers = set[org.springframework.boot.test.autoconfigure.properties.PropertyMappingContextCustomizer@0, org.springframework.boot.test.autoconfigure.web.servlet.WebDriverContextCustomizerFactory$Customizer@9b06670, org.springframework.boot.test.context.filter.ExcludeFilterContextCustomizer@2649799c, org.springframework.boot.test.json.DuplicateJsonObjectContextCustomizerFactory$DuplicateJsonObjectContextCustomizer@46522213, org.springframework.boot.test.mock.mockito.MockitoContextCustomizer@0, org.springframework.boot.test.web.client.TestRestTemplateContextCustomizer@5921f076], resourceBasePath = 'src/main/webapp', contextLoader = 'org.springframework.boot.test.context.SpringBootContextLoader', parent = [null]]]
?[30m2020-02-25 16:02:50,873?[0;39m ?[39mDEBUG?[0;39m [?[34mTest worker?[0;39m] ?[33morg.springframework.test.context.cache.DefaultContextCache?[0;39m: Spring test ApplicationContext cache statistics: [DefaultContextCache@72d77e59 size = 1, maxSize = 32, parentContextCount = 0, hitCount = 7, missCount = 1]
?[30m2020-02-25 16:02:50,874?[0;39m ?[39mDEBUG?[0;39m [?[34mTest worker?[0;39m] ?[33morg.springframework.test.context.cache.DefaultCacheAwareContextLoaderDelegate?[0;39m: Retrieved ApplicationContext [81825652] from cache with key [[WebMergedContextConfiguration@c8fa79a testClass = EntrevistaApplicationTests, locations = '{}', classes = '{class com.intercorp.entrevista.EntrevistaApplication}', contextInitializerClasses = '[]', activeProfiles = '{}', propertySourceLocations = '{}', propertySourceProperties = '{org.springframework.boot.test.context.SpringBootTestContextBootstrapper=true}', contextCustomizers = set[org.springframework.boot.test.autoconfigure.properties.PropertyMappingContextCustomizer@0, org.springframework.boot.test.autoconfigure.web.servlet.WebDriverContextCustomizerFactory$Customizer@9b06670, org.springframework.boot.test.context.filter.ExcludeFilterContextCustomizer@2649799c, org.springframework.boot.test.json.DuplicateJsonObjectContextCustomizerFactory$DuplicateJsonObjectContextCustomizer@46522213, org.springframework.boot.test.mock.mockito.MockitoContextCustomizer@0, org.springframework.boot.test.web.client.TestRestTemplateContextCustomizer@5921f076], resourceBasePath = 'src/main/webapp', contextLoader = 'org.springframework.boot.test.context.SpringBootContextLoader', parent = [null]]]
?[30m2020-02-25 16:02:50,874?[0;39m ?[39mDEBUG?[0;39m [?[34mTest worker?[0;39m] ?[33morg.springframework.test.context.cache.DefaultContextCache?[0;39m: Spring test ApplicationContext cache statistics: [DefaultContextCache@72d77e59 size = 1, maxSize = 32, parentContextCount = 0, hitCount = 8, missCount = 1]
?[30m2020-02-25 16:02:50,874?[0;39m ?[39mDEBUG?[0;39m [?[34mTest worker?[0;39m] ?[33morg.springframework.test.context.cache.DefaultCacheAwareContextLoaderDelegate?[0;39m: Retrieved ApplicationContext [81825652] from cache with key [[WebMergedContextConfiguration@c8fa79a testClass = EntrevistaApplicationTests, locations = '{}', classes = '{class com.intercorp.entrevista.EntrevistaApplication}', contextInitializerClasses = '[]', activeProfiles = '{}', propertySourceLocations = '{}', propertySourceProperties = '{org.springframework.boot.test.context.SpringBootTestContextBootstrapper=true}', contextCustomizers = set[org.springframework.boot.test.autoconfigure.properties.PropertyMappingContextCustomizer@0, org.springframework.boot.test.autoconfigure.web.servlet.WebDriverContextCustomizerFactory$Customizer@9b06670, org.springframework.boot.test.context.filter.ExcludeFilterContextCustomizer@2649799c, org.springframework.boot.test.json.DuplicateJsonObjectContextCustomizerFactory$DuplicateJsonObjectContextCustomizer@46522213, org.springframework.boot.test.mock.mockito.MockitoContextCustomizer@0, org.springframework.boot.test.web.client.TestRestTemplateContextCustomizer@5921f076], resourceBasePath = 'src/main/webapp', contextLoader = 'org.springframework.boot.test.context.SpringBootContextLoader', parent = [null]]]
?[30m2020-02-25 16:02:50,874?[0;39m ?[39mDEBUG?[0;39m [?[34mTest worker?[0;39m] ?[33morg.springframework.test.context.cache.DefaultContextCache?[0;39m: Spring test ApplicationContext cache statistics: [DefaultContextCache@72d77e59 size = 1, maxSize = 32, parentContextCount = 0, hitCount = 9, missCount = 1]
?[30m2020-02-25 16:02:50,875?[0;39m ?[39mDEBUG?[0;39m [?[34mTest worker?[0;39m] ?[33morg.springframework.test.context.cache.DefaultCacheAwareContextLoaderDelegate?[0;39m: Retrieved ApplicationContext [81825652] from cache with key [[WebMergedContextConfiguration@c8fa79a testClass = EntrevistaApplicationTests, locations = '{}', classes = '{class com.intercorp.entrevista.EntrevistaApplication}', contextInitializerClasses = '[]', activeProfiles = '{}', propertySourceLocations = '{}', propertySourceProperties = '{org.springframework.boot.test.context.SpringBootTestContextBootstrapper=true}', contextCustomizers = set[org.springframework.boot.test.autoconfigure.properties.PropertyMappingContextCustomizer@0, org.springframework.boot.test.autoconfigure.web.servlet.WebDriverContextCustomizerFactory$Customizer@9b06670, org.springframework.boot.test.context.filter.ExcludeFilterContextCustomizer@2649799c, org.springframework.boot.test.json.DuplicateJsonObjectContextCustomizerFactory$DuplicateJsonObjectContextCustomizer@46522213, org.springframework.boot.test.mock.mockito.MockitoContextCustomizer@0, org.springframework.boot.test.web.client.TestRestTemplateContextCustomizer@5921f076], resourceBasePath = 'src/main/webapp', contextLoader = 'org.springframework.boot.test.context.SpringBootContextLoader', parent = [null]]]
?[30m2020-02-25 16:02:50,875?[0;39m ?[39mDEBUG?[0;39m [?[34mTest worker?[0;39m] ?[33morg.springframework.test.context.cache.DefaultContextCache?[0;39m: Spring test ApplicationContext cache statistics: [DefaultContextCache@72d77e59 size = 1, maxSize = 32, parentContextCount = 0, hitCount = 10, missCount = 1]
?[30m2020-02-25 16:02:50,877?[0;39m ?[39mDEBUG?[0;39m [?[34mTest worker?[0;39m] ?[33morg.springframework.test.context.cache.DefaultCacheAwareContextLoaderDelegate?[0;39m: Retrieved ApplicationContext [81825652] from cache with key [[WebMergedContextConfiguration@c8fa79a testClass = EntrevistaApplicationTests, locations = '{}', classes = '{class com.intercorp.entrevista.EntrevistaApplication}', contextInitializerClasses = '[]', activeProfiles = '{}', propertySourceLocations = '{}', propertySourceProperties = '{org.springframework.boot.test.context.SpringBootTestContextBootstrapper=true}', contextCustomizers = set[org.springframework.boot.test.autoconfigure.properties.PropertyMappingContextCustomizer@0, org.springframework.boot.test.autoconfigure.web.servlet.WebDriverContextCustomizerFactory$Customizer@9b06670, org.springframework.boot.test.context.filter.ExcludeFilterContextCustomizer@2649799c, org.springframework.boot.test.json.DuplicateJsonObjectContextCustomizerFactory$DuplicateJsonObjectContextCustomizer@46522213, org.springframework.boot.test.mock.mockito.MockitoContextCustomizer@0, org.springframework.boot.test.web.client.TestRestTemplateContextCustomizer@5921f076], resourceBasePath = 'src/main/webapp', contextLoader = 'org.springframework.boot.test.context.SpringBootContextLoader', parent = [null]]]
?[30m2020-02-25 16:02:50,877?[0;39m ?[39mDEBUG?[0;39m [?[34mTest worker?[0;39m] ?[33morg.springframework.test.context.cache.DefaultContextCache?[0;39m: Spring test ApplicationContext cache statistics: [DefaultContextCache@72d77e59 size = 1, maxSize = 32, parentContextCount = 0, hitCount = 11, missCount = 1]
?[30m2020-02-25 16:02:50,877?[0;39m ?[39mDEBUG?[0;39m [?[34mTest worker?[0;39m] ?[33morg.springframework.test.context.support.AbstractDirtiesContextTestExecutionListener?[0;39m: After test method: context [DefaultTestContext@423db3e testClass = EntrevistaApplicationTests, testInstance = com.intercorp.entrevista.EntrevistaApplicationTests@260e576e, testMethod = contextLoads@EntrevistaApplicationTests, testException = [null], mergedContextConfiguration = [WebMergedContextConfiguration@c8fa79a testClass = EntrevistaApplicationTests, locations = '{}', classes = '{class com.intercorp.entrevista.EntrevistaApplication}', contextInitializerClasses = '[]', activeProfiles = '{}', propertySourceLocations = '{}', propertySourceProperties = '{org.springframework.boot.test.context.SpringBootTestContextBootstrapper=true}', contextCustomizers = set[org.springframework.boot.test.autoconfigure.properties.PropertyMappingContextCustomizer@0, org.springframework.boot.test.autoconfigure.web.servlet.WebDriverContextCustomizerFactory$Customizer@9b06670, org.springframework.boot.test.context.filter.ExcludeFilterContextCustomizer@2649799c, org.springframework.boot.test.json.DuplicateJsonObjectContextCustomizerFactory$DuplicateJsonObjectContextCustomizer@46522213, org.springframework.boot.test.mock.mockito.MockitoContextCustomizer@0, org.springframework.boot.test.web.client.TestRestTemplateContextCustomizer@5921f076], resourceBasePath = 'src/main/webapp', contextLoader = 'org.springframework.boot.test.context.SpringBootContextLoader', parent = [null]], attributes = map['org.springframework.test.context.web.ServletTestExecutionListener.activateListener' -> true, 'org.springframework.test.context.web.ServletTestExecutionListener.populatedRequestContextHolder' -> true, 'org.springframework.test.context.web.ServletTestExecutionListener.resetRequestContextHolder' -> true]], class annotated with @DirtiesContext [false] with mode [null], method annotated with @DirtiesContext [false] with mode [null].
?[30m2020-02-25 16:02:50,878?[0;39m ?[39mDEBUG?[0;39m [?[34mTest worker?[0;39m] ?[33morg.springframework.test.context.web.ServletTestExecutionListener?[0;39m: Resetting RequestContextHolder for test context [DefaultTestContext@423db3e testClass = EntrevistaApplicationTests, testInstance = com.intercorp.entrevista.EntrevistaApplicationTests@260e576e, testMethod = contextLoads@EntrevistaApplicationTests, testException = [null], mergedContextConfiguration = [WebMergedContextConfiguration@c8fa79a testClass = EntrevistaApplicationTests, locations = '{}', classes = '{class com.intercorp.entrevista.EntrevistaApplication}', contextInitializerClasses = '[]', activeProfiles = '{}', propertySourceLocations = '{}', propertySourceProperties = '{org.springframework.boot.test.context.SpringBootTestContextBootstrapper=true}', contextCustomizers = set[org.springframework.boot.test.autoconfigure.properties.PropertyMappingContextCustomizer@0, org.springframework.boot.test.autoconfigure.web.servlet.WebDriverContextCustomizerFactory$Customizer@9b06670, org.springframework.boot.test.context.filter.ExcludeFilterContextCustomizer@2649799c, org.springframework.boot.test.json.DuplicateJsonObjectContextCustomizerFactory$DuplicateJsonObjectContextCustomizer@46522213, org.springframework.boot.test.mock.mockito.MockitoContextCustomizer@0, org.springframework.boot.test.web.client.TestRestTemplateContextCustomizer@5921f076], resourceBasePath = 'src/main/webapp', contextLoader = 'org.springframework.boot.test.context.SpringBootContextLoader', parent = [null]], attributes = map['org.springframework.test.context.web.ServletTestExecutionListener.activateListener' -> true, 'org.springframework.test.context.web.ServletTestExecutionListener.populatedRequestContextHolder' -> true, 'org.springframework.test.context.web.ServletTestExecutionListener.resetRequestContextHolder' -> true]].
?[30m2020-02-25 16:02:50,879?[0;39m ?[39mDEBUG?[0;39m [?[34mTest worker?[0;39m] ?[33morg.springframework.test.context.cache.DefaultCacheAwareContextLoaderDelegate?[0;39m: Retrieved ApplicationContext [81825652] from cache with key [[WebMergedContextConfiguration@c8fa79a testClass = EntrevistaApplicationTests, locations = '{}', classes = '{class com.intercorp.entrevista.EntrevistaApplication}', contextInitializerClasses = '[]', activeProfiles = '{}', propertySourceLocations = '{}', propertySourceProperties = '{org.springframework.boot.test.context.SpringBootTestContextBootstrapper=true}', contextCustomizers = set[org.springframework.boot.test.autoconfigure.properties.PropertyMappingContextCustomizer@0, org.springframework.boot.test.autoconfigure.web.servlet.WebDriverContextCustomizerFactory$Customizer@9b06670, org.springframework.boot.test.context.filter.ExcludeFilterContextCustomizer@2649799c, org.springframework.boot.test.json.DuplicateJsonObjectContextCustomizerFactory$DuplicateJsonObjectContextCustomizer@46522213, org.springframework.boot.test.mock.mockito.MockitoContextCustomizer@0, org.springframework.boot.test.web.client.TestRestTemplateContextCustomizer@5921f076], resourceBasePath = 'src/main/webapp', contextLoader = 'org.springframework.boot.test.context.SpringBootContextLoader', parent = [null]]]
?[30m2020-02-25 16:02:50,879?[0;39m ?[39mDEBUG?[0;39m [?[34mTest worker?[0;39m] ?[33morg.springframework.test.context.cache.DefaultContextCache?[0;39m: Spring test ApplicationContext cache statistics: [DefaultContextCache@72d77e59 size = 1, maxSize = 32, parentContextCount = 0, hitCount = 12, missCount = 1]
?[30m2020-02-25 16:02:50,880?[0;39m ?[39mDEBUG?[0;39m [?[34mTest worker?[0;39m] ?[33morg.springframework.test.context.support.AbstractDirtiesContextTestExecutionListener?[0;39m: After test class: context [DefaultTestContext@423db3e testClass = EntrevistaApplicationTests, testInstance = [null], testMethod = [null], testException = [null], mergedContextConfiguration = [WebMergedContextConfiguration@c8fa79a testClass = EntrevistaApplicationTests, locations = '{}', classes = '{class com.intercorp.entrevista.EntrevistaApplication}', contextInitializerClasses = '[]', activeProfiles = '{}', propertySourceLocations = '{}', propertySourceProperties = '{org.springframework.boot.test.context.SpringBootTestContextBootstrapper=true}', contextCustomizers = set[org.springframework.boot.test.autoconfigure.properties.PropertyMappingContextCustomizer@0, org.springframework.boot.test.autoconfigure.web.servlet.WebDriverContextCustomizerFactory$Customizer@9b06670, org.springframework.boot.test.context.filter.ExcludeFilterContextCustomizer@2649799c, org.springframework.boot.test.json.DuplicateJsonObjectContextCustomizerFactory$DuplicateJsonObjectContextCustomizer@46522213, org.springframework.boot.test.mock.mockito.MockitoContextCustomizer@0, org.springframework.boot.test.web.client.TestRestTemplateContextCustomizer@5921f076], resourceBasePath = 'src/main/webapp', contextLoader = 'org.springframework.boot.test.context.SpringBootContextLoader', parent = [null]], attributes = map['org.springframework.test.context.web.ServletTestExecutionListener.activateListener' -> true, 'org.springframework.test.context.support.DependencyInjectionTestExecutionListener.reinjectDependencies' -> true]], class annotated with @DirtiesContext [false] with mode [null].
]]></system-out>
  <system-err><![CDATA[]]></system-err>
</testsuite>
